{"/Users/difee/dev/work/ssb-component-library/src/components/Button/index.jsx": {"path":"/Users/difee/dev/work/ssb-component-library/src/components/Button/index.jsx","statementMap":{"0":{"start":{"line":7,"column":15},"end":{"line":19,"column":1}},"1":{"start":{"line":10,"column":1},"end":{"line":18,"column":17}},"2":{"start":{"line":21,"column":22},"end":{"line":48,"column":1}},"3":{"start":{"line":23,"column":26},"end":{"line":23,"column":62}},"4":{"start":{"line":24,"column":22},"end":{"line":24,"column":79}},"5":{"start":{"line":26,"column":21},"end":{"line":26,"column":57}},"6":{"start":{"line":33,"column":27},"end":{"line":33,"column":64}},"7":{"start":{"line":37,"column":37},"end":{"line":37,"column":73}},"8":{"start":{"line":40,"column":14},"end":{"line":47,"column":3}},"9":{"start":{"line":50,"column":19},"end":{"line":60,"column":1}},"10":{"start":{"line":62,"column":0},"end":{"line":67,"column":2}},"11":{"start":{"line":69,"column":0},"end":{"line":76,"column":2}}},"fnMap":{"0":{"name":"(anonymous_0)","decl":{"start":{"line":7,"column":15},"end":{"line":7,"column":16}},"loc":{"start":{"line":10,"column":1},"end":{"line":18,"column":17}},"line":10},"1":{"name":"(anonymous_1)","decl":{"start":{"line":23,"column":16},"end":{"line":23,"column":17}},"loc":{"start":{"line":23,"column":26},"end":{"line":23,"column":62}},"line":23},"2":{"name":"(anonymous_2)","decl":{"start":{"line":24,"column":12},"end":{"line":24,"column":13}},"loc":{"start":{"line":24,"column":22},"end":{"line":24,"column":79}},"line":24},"3":{"name":"(anonymous_3)","decl":{"start":{"line":26,"column":11},"end":{"line":26,"column":12}},"loc":{"start":{"line":26,"column":21},"end":{"line":26,"column":57}},"line":26},"4":{"name":"(anonymous_4)","decl":{"start":{"line":33,"column":17},"end":{"line":33,"column":18}},"loc":{"start":{"line":33,"column":27},"end":{"line":33,"column":64}},"line":33},"5":{"name":"(anonymous_5)","decl":{"start":{"line":37,"column":27},"end":{"line":37,"column":28}},"loc":{"start":{"line":37,"column":37},"end":{"line":37,"column":73}},"line":37},"6":{"name":"(anonymous_6)","decl":{"start":{"line":40,"column":4},"end":{"line":40,"column":5}},"loc":{"start":{"line":40,"column":14},"end":{"line":47,"column":3}},"line":40},"7":{"name":"(anonymous_7)","decl":{"start":{"line":64,"column":10},"end":{"line":64,"column":11}},"loc":{"start":{"line":64,"column":16},"end":{"line":64,"column":18}},"line":64}},"branchMap":{"0":{"loc":{"start":{"line":12,"column":16},"end":{"line":12,"column":49}},"type":"cond-expr","locations":[{"start":{"line":12,"column":26},"end":{"line":12,"column":35}},{"start":{"line":12,"column":38},"end":{"line":12,"column":49}}],"line":12},"1":{"loc":{"start":{"line":23,"column":26},"end":{"line":23,"column":62}},"type":"cond-expr","locations":[{"start":{"line":23,"column":42},"end":{"line":23,"column":51}},{"start":{"line":23,"column":54},"end":{"line":23,"column":62}}],"line":23},"2":{"loc":{"start":{"line":24,"column":22},"end":{"line":24,"column":79}},"type":"cond-expr","locations":[{"start":{"line":24,"column":38},"end":{"line":24,"column":44}},{"start":{"line":24,"column":47},"end":{"line":24,"column":79}}],"line":24},"3":{"loc":{"start":{"line":26,"column":21},"end":{"line":26,"column":57}},"type":"cond-expr","locations":[{"start":{"line":26,"column":37},"end":{"line":26,"column":45}},{"start":{"line":26,"column":48},"end":{"line":26,"column":57}}],"line":26},"4":{"loc":{"start":{"line":33,"column":27},"end":{"line":33,"column":64}},"type":"cond-expr","locations":[{"start":{"line":33,"column":43},"end":{"line":33,"column":52}},{"start":{"line":33,"column":55},"end":{"line":33,"column":64}}],"line":33},"5":{"loc":{"start":{"line":37,"column":37},"end":{"line":37,"column":73}},"type":"cond-expr","locations":[{"start":{"line":37,"column":53},"end":{"line":37,"column":61}},{"start":{"line":37,"column":64},"end":{"line":37,"column":73}}],"line":37},"6":{"loc":{"start":{"line":40,"column":14},"end":{"line":47,"column":3}},"type":"binary-expr","locations":[{"start":{"line":40,"column":14},"end":{"line":40,"column":28}},{"start":{"line":40,"column":32},"end":{"line":47,"column":3}}],"line":40},"7":{"loc":{"start":{"line":41,"column":17},"end":{"line":41,"column":52}},"type":"cond-expr","locations":[{"start":{"line":41,"column":33},"end":{"line":41,"column":41}},{"start":{"line":41,"column":44},"end":{"line":41,"column":52}}],"line":41},"8":{"loc":{"start":{"line":42,"column":12},"end":{"line":42,"column":47}},"type":"cond-expr","locations":[{"start":{"line":42,"column":28},"end":{"line":42,"column":36}},{"start":{"line":42,"column":39},"end":{"line":42,"column":47}}],"line":42},"9":{"loc":{"start":{"line":45,"column":17},"end":{"line":45,"column":52}},"type":"cond-expr","locations":[{"start":{"line":45,"column":33},"end":{"line":45,"column":41}},{"start":{"line":45,"column":44},"end":{"line":45,"column":52}}],"line":45},"10":{"loc":{"start":{"line":46,"column":12},"end":{"line":46,"column":47}},"type":"cond-expr","locations":[{"start":{"line":46,"column":28},"end":{"line":46,"column":36}},{"start":{"line":46,"column":39},"end":{"line":46,"column":47}}],"line":46}},"s":{"0":1,"1":4,"2":1,"3":4,"4":4,"5":4,"6":4,"7":4,"8":4,"9":1,"10":1,"11":1},"f":{"0":4,"1":4,"2":4,"3":4,"4":4,"5":4,"6":4,"7":0},"b":{"0":[2,2],"1":[2,2],"2":[2,2],"3":[2,2],"4":[2,2],"5":[2,2],"6":[4,2],"7":[1,1],"8":[1,1],"9":[1,1],"10":[1,1]},"_coverageSchema":"43e27e138ebf9cfc5966b082cf9a028302ed4184","hash":"3f33faa42b0779f87930424432ede9398b84c7e8"}
,"/Users/difee/dev/work/ssb-component-library/src/components/Checkbox/index.jsx": {"path":"/Users/difee/dev/work/ssb-component-library/src/components/Checkbox/index.jsx","statementMap":{"0":{"start":{"line":7,"column":17},"end":{"line":29,"column":1}},"1":{"start":{"line":10,"column":1},"end":{"line":28,"column":19}},"2":{"start":{"line":19,"column":20},"end":{"line":19,"column":35}},"3":{"start":{"line":31,"column":24},"end":{"line":57,"column":1}},"4":{"start":{"line":33,"column":21},"end":{"line":33,"column":52}},"5":{"start":{"line":34,"column":22},"end":{"line":34,"column":60}},"6":{"start":{"line":39,"column":30},"end":{"line":39,"column":58}},"7":{"start":{"line":59,"column":18},"end":{"line":92,"column":1}},"8":{"start":{"line":60,"column":28},"end":{"line":60,"column":64}},"9":{"start":{"line":62,"column":30},"end":{"line":62,"column":67}},"10":{"start":{"line":74,"column":27},"end":{"line":74,"column":60}},"11":{"start":{"line":94,"column":0},"end":{"line":97,"column":2}},"12":{"start":{"line":99,"column":0},"end":{"line":109,"column":2}}},"fnMap":{"0":{"name":"(anonymous_0)","decl":{"start":{"line":7,"column":17},"end":{"line":7,"column":18}},"loc":{"start":{"line":10,"column":1},"end":{"line":28,"column":19}},"line":10},"1":{"name":"(anonymous_1)","decl":{"start":{"line":19,"column":14},"end":{"line":19,"column":15}},"loc":{"start":{"line":19,"column":20},"end":{"line":19,"column":35}},"line":19},"2":{"name":"(anonymous_2)","decl":{"start":{"line":33,"column":11},"end":{"line":33,"column":12}},"loc":{"start":{"line":33,"column":21},"end":{"line":33,"column":52}},"line":33},"3":{"name":"(anonymous_3)","decl":{"start":{"line":34,"column":12},"end":{"line":34,"column":13}},"loc":{"start":{"line":34,"column":22},"end":{"line":34,"column":60}},"line":34},"4":{"name":"(anonymous_4)","decl":{"start":{"line":39,"column":20},"end":{"line":39,"column":21}},"loc":{"start":{"line":39,"column":30},"end":{"line":39,"column":58}},"line":39},"5":{"name":"(anonymous_5)","decl":{"start":{"line":60,"column":18},"end":{"line":60,"column":19}},"loc":{"start":{"line":60,"column":28},"end":{"line":60,"column":64}},"line":60},"6":{"name":"(anonymous_6)","decl":{"start":{"line":62,"column":20},"end":{"line":62,"column":21}},"loc":{"start":{"line":62,"column":30},"end":{"line":62,"column":67}},"line":62},"7":{"name":"(anonymous_7)","decl":{"start":{"line":74,"column":17},"end":{"line":74,"column":18}},"loc":{"start":{"line":74,"column":27},"end":{"line":74,"column":60}},"line":74},"8":{"name":"(anonymous_8)","decl":{"start":{"line":95,"column":11},"end":{"line":95,"column":12}},"loc":{"start":{"line":95,"column":17},"end":{"line":95,"column":19}},"line":95}},"branchMap":{"0":{"loc":{"start":{"line":33,"column":21},"end":{"line":33,"column":52}},"type":"cond-expr","locations":[{"start":{"line":33,"column":38},"end":{"line":33,"column":47}},{"start":{"line":33,"column":50},"end":{"line":33,"column":52}}],"line":33},"1":{"loc":{"start":{"line":34,"column":22},"end":{"line":34,"column":60}},"type":"cond-expr","locations":[{"start":{"line":34,"column":39},"end":{"line":34,"column":48}},{"start":{"line":34,"column":51},"end":{"line":34,"column":60}}],"line":34},"2":{"loc":{"start":{"line":39,"column":30},"end":{"line":39,"column":58}},"type":"cond-expr","locations":[{"start":{"line":39,"column":47},"end":{"line":39,"column":53}},{"start":{"line":39,"column":56},"end":{"line":39,"column":58}}],"line":39},"3":{"loc":{"start":{"line":60,"column":28},"end":{"line":60,"column":64}},"type":"cond-expr","locations":[{"start":{"line":60,"column":45},"end":{"line":60,"column":53}},{"start":{"line":60,"column":56},"end":{"line":60,"column":64}}],"line":60},"4":{"loc":{"start":{"line":62,"column":30},"end":{"line":62,"column":67}},"type":"cond-expr","locations":[{"start":{"line":62,"column":47},"end":{"line":62,"column":56}},{"start":{"line":62,"column":59},"end":{"line":62,"column":67}}],"line":62},"5":{"loc":{"start":{"line":74,"column":27},"end":{"line":74,"column":60}},"type":"cond-expr","locations":[{"start":{"line":74,"column":44},"end":{"line":74,"column":51}},{"start":{"line":74,"column":54},"end":{"line":74,"column":60}}],"line":74}},"s":{"0":0,"1":0,"2":0,"3":0,"4":0,"5":0,"6":0,"7":0,"8":0,"9":0,"10":0,"11":0,"12":0},"f":{"0":0,"1":0,"2":0,"3":0,"4":0,"5":0,"6":0,"7":0,"8":0},"b":{"0":[0,0],"1":[0,0],"2":[0,0],"3":[0,0],"4":[0,0],"5":[0,0]},"hash":"271737230ec2f3676428dfd31fb726168ce0eb76"}
,"/Users/difee/dev/work/ssb-component-library/src/components/CheckboxGroup/index.jsx": {"path":"/Users/difee/dev/work/ssb-component-library/src/components/CheckboxGroup/index.jsx","statementMap":{"0":{"start":{"line":8,"column":22},"end":{"line":43,"column":1}},"1":{"start":{"line":11,"column":36},"end":{"line":11,"column":60}},"2":{"start":{"line":13,"column":1},"end":{"line":15,"column":16}},"3":{"start":{"line":14,"column":2},"end":{"line":14,"column":21}},"4":{"start":{"line":17,"column":21},"end":{"line":25,"column":2}},"5":{"start":{"line":18,"column":17},"end":{"line":18,"column":30}},"6":{"start":{"line":19,"column":2},"end":{"line":23,"column":3}},"7":{"start":{"line":20,"column":3},"end":{"line":20,"column":43}},"8":{"start":{"line":22,"column":3},"end":{"line":22,"column":20}},"9":{"start":{"line":24,"column":2},"end":{"line":24,"column":25}},"10":{"start":{"line":27,"column":1},"end":{"line":42,"column":3}},"11":{"start":{"line":31,"column":4},"end":{"line":39,"column":15}},"12":{"start":{"line":45,"column":29},"end":{"line":58,"column":1}},"13":{"start":{"line":60,"column":0},"end":{"line":63,"column":2}},"14":{"start":{"line":65,"column":0},"end":{"line":73,"column":2}}},"fnMap":{"0":{"name":"(anonymous_0)","decl":{"start":{"line":8,"column":22},"end":{"line":8,"column":23}},"loc":{"start":{"line":10,"column":6},"end":{"line":43,"column":1}},"line":10},"1":{"name":"(anonymous_1)","decl":{"start":{"line":13,"column":11},"end":{"line":13,"column":12}},"loc":{"start":{"line":13,"column":17},"end":{"line":15,"column":2}},"line":13},"2":{"name":"(anonymous_2)","decl":{"start":{"line":17,"column":21},"end":{"line":17,"column":22}},"loc":{"start":{"line":17,"column":28},"end":{"line":25,"column":2}},"line":17},"3":{"name":"(anonymous_3)","decl":{"start":{"line":30,"column":14},"end":{"line":30,"column":15}},"loc":{"start":{"line":31,"column":4},"end":{"line":39,"column":15}},"line":31},"4":{"name":"(anonymous_4)","decl":{"start":{"line":61,"column":11},"end":{"line":61,"column":12}},"loc":{"start":{"line":61,"column":17},"end":{"line":61,"column":19}},"line":61}},"branchMap":{"0":{"loc":{"start":{"line":19,"column":2},"end":{"line":23,"column":3}},"type":"if","locations":[{"start":{"line":19,"column":2},"end":{"line":23,"column":3}},{"start":{"line":19,"column":2},"end":{"line":23,"column":3}}],"line":19},"1":{"loc":{"start":{"line":29,"column":4},"end":{"line":29,"column":46}},"type":"binary-expr","locations":[{"start":{"line":29,"column":4},"end":{"line":29,"column":10}},{"start":{"line":29,"column":14},"end":{"line":29,"column":46}}],"line":29}},"s":{"0":0,"1":0,"2":0,"3":0,"4":0,"5":0,"6":0,"7":0,"8":0,"9":0,"10":0,"11":0,"12":0,"13":0,"14":0},"f":{"0":0,"1":0,"2":0,"3":0,"4":0},"b":{"0":[0,0],"1":[0,0]},"hash":"f7b580fc6b1398bacda56dca6181d9769854e291"}
,"/Users/difee/dev/work/ssb-component-library/src/components/Divider/index.jsx": {"path":"/Users/difee/dev/work/ssb-component-library/src/components/Divider/index.jsx","statementMap":{"0":{"start":{"line":4,"column":16},"end":{"line":6,"column":1}},"1":{"start":{"line":5,"column":1},"end":{"line":5,"column":92}},"2":{"start":{"line":8,"column":0},"end":{"line":12,"column":2}},"3":{"start":{"line":14,"column":0},"end":{"line":18,"column":2}}},"fnMap":{"0":{"name":"(anonymous_0)","decl":{"start":{"line":4,"column":16},"end":{"line":4,"column":17}},"loc":{"start":{"line":5,"column":1},"end":{"line":5,"column":92}},"line":5}},"branchMap":{"0":{"loc":{"start":{"line":5,"column":32},"end":{"line":5,"column":50}},"type":"cond-expr","locations":[{"start":{"line":5,"column":39},"end":{"line":5,"column":45}},{"start":{"line":5,"column":48},"end":{"line":5,"column":50}}],"line":5},"1":{"loc":{"start":{"line":5,"column":53},"end":{"line":5,"column":73}},"type":"cond-expr","locations":[{"start":{"line":5,"column":61},"end":{"line":5,"column":68}},{"start":{"line":5,"column":71},"end":{"line":5,"column":73}}],"line":5}},"s":{"0":0,"1":0,"2":0,"3":0},"f":{"0":0},"b":{"0":[0,0],"1":[0,0]},"hash":"5da968a46ff4bb98499844a1da73a4b4e77dde16"}
,"/Users/difee/dev/work/ssb-component-library/src/components/Dropdown/index.jsx": {"path":"/Users/difee/dev/work/ssb-component-library/src/components/Dropdown/index.jsx","statementMap":{"0":{"start":{"line":9,"column":17},"end":{"line":82,"column":1}},"1":{"start":{"line":12,"column":12},"end":{"line":12,"column":18}},"2":{"start":{"line":13,"column":14},"end":{"line":13,"column":22}},"3":{"start":{"line":14,"column":27},"end":{"line":14,"column":41}},"4":{"start":{"line":15,"column":43},"end":{"line":15,"column":58}},"5":{"start":{"line":16,"column":38},"end":{"line":16,"column":85}},"6":{"start":{"line":17,"column":45},"end":{"line":17,"column":57}},"7":{"start":{"line":19,"column":21},"end":{"line":22,"column":2}},"8":{"start":{"line":20,"column":2},"end":{"line":20,"column":39}},"9":{"start":{"line":21,"column":2},"end":{"line":21,"column":103}},"10":{"start":{"line":21,"column":35},"end":{"line":21,"column":100}},"11":{"start":{"line":24,"column":25},"end":{"line":30,"column":2}},"12":{"start":{"line":25,"column":2},"end":{"line":25,"column":49}},"13":{"start":{"line":26,"column":2},"end":{"line":26,"column":17}},"14":{"start":{"line":27,"column":2},"end":{"line":27,"column":17}},"15":{"start":{"line":28,"column":2},"end":{"line":28,"column":23}},"16":{"start":{"line":29,"column":2},"end":{"line":29,"column":23}},"17":{"start":{"line":32,"column":28},"end":{"line":36,"column":2}},"18":{"start":{"line":33,"column":2},"end":{"line":35,"column":3}},"19":{"start":{"line":34,"column":3},"end":{"line":34,"column":18}},"20":{"start":{"line":38,"column":1},"end":{"line":47,"column":14}},"21":{"start":{"line":39,"column":2},"end":{"line":43,"column":3}},"22":{"start":{"line":40,"column":3},"end":{"line":40,"column":62}},"23":{"start":{"line":42,"column":3},"end":{"line":42,"column":65}},"24":{"start":{"line":44,"column":2},"end":{"line":46,"column":4}},"25":{"start":{"line":45,"column":3},"end":{"line":45,"column":65}},"26":{"start":{"line":49,"column":1},"end":{"line":81,"column":3}},"27":{"start":{"line":52,"column":84},"end":{"line":52,"column":100}},"28":{"start":{"line":56,"column":21},"end":{"line":56,"column":35}},"29":{"start":{"line":65,"column":7},"end":{"line":75,"column":12}},"30":{"start":{"line":70,"column":24},"end":{"line":70,"column":43}},"31":{"start":{"line":84,"column":24},"end":{"line":99,"column":1}},"32":{"start":{"line":101,"column":24},"end":{"line":111,"column":1}},"33":{"start":{"line":113,"column":21},"end":{"line":134,"column":1}},"34":{"start":{"line":136,"column":26},"end":{"line":188,"column":1}},"35":{"start":{"line":190,"column":0},"end":{"line":197,"column":2}},"36":{"start":{"line":199,"column":0},"end":{"line":210,"column":2}}},"fnMap":{"0":{"name":"(anonymous_0)","decl":{"start":{"line":9,"column":17},"end":{"line":9,"column":18}},"loc":{"start":{"line":11,"column":6},"end":{"line":82,"column":1}},"line":11},"1":{"name":"(anonymous_1)","decl":{"start":{"line":19,"column":21},"end":{"line":19,"column":22}},"loc":{"start":{"line":19,"column":30},"end":{"line":22,"column":2}},"line":19},"2":{"name":"(anonymous_2)","decl":{"start":{"line":21,"column":29},"end":{"line":21,"column":30}},"loc":{"start":{"line":21,"column":35},"end":{"line":21,"column":100}},"line":21},"3":{"name":"(anonymous_3)","decl":{"start":{"line":24,"column":25},"end":{"line":24,"column":26}},"loc":{"start":{"line":24,"column":33},"end":{"line":30,"column":2}},"line":24},"4":{"name":"(anonymous_4)","decl":{"start":{"line":32,"column":28},"end":{"line":32,"column":29}},"loc":{"start":{"line":32,"column":33},"end":{"line":36,"column":2}},"line":32},"5":{"name":"(anonymous_5)","decl":{"start":{"line":38,"column":11},"end":{"line":38,"column":12}},"loc":{"start":{"line":38,"column":17},"end":{"line":47,"column":2}},"line":38},"6":{"name":"(anonymous_6)","decl":{"start":{"line":44,"column":9},"end":{"line":44,"column":10}},"loc":{"start":{"line":44,"column":15},"end":{"line":46,"column":3}},"line":44},"7":{"name":"(anonymous_7)","decl":{"start":{"line":52,"column":78},"end":{"line":52,"column":79}},"loc":{"start":{"line":52,"column":84},"end":{"line":52,"column":100}},"line":52},"8":{"name":"(anonymous_8)","decl":{"start":{"line":56,"column":16},"end":{"line":56,"column":17}},"loc":{"start":{"line":56,"column":21},"end":{"line":56,"column":35}},"line":56},"9":{"name":"(anonymous_9)","decl":{"start":{"line":64,"column":28},"end":{"line":64,"column":29}},"loc":{"start":{"line":65,"column":7},"end":{"line":75,"column":12}},"line":65},"10":{"name":"(anonymous_10)","decl":{"start":{"line":70,"column":18},"end":{"line":70,"column":19}},"loc":{"start":{"line":70,"column":24},"end":{"line":70,"column":43}},"line":70},"11":{"name":"(anonymous_11)","decl":{"start":{"line":193,"column":11},"end":{"line":193,"column":12}},"loc":{"start":{"line":193,"column":17},"end":{"line":193,"column":19}},"line":193}},"branchMap":{"0":{"loc":{"start":{"line":16,"column":47},"end":{"line":16,"column":84}},"type":"binary-expr","locations":[{"start":{"line":16,"column":47},"end":{"line":16,"column":59}},{"start":{"line":16,"column":63},"end":{"line":16,"column":84}}],"line":16},"1":{"loc":{"start":{"line":33,"column":2},"end":{"line":35,"column":3}},"type":"if","locations":[{"start":{"line":33,"column":2},"end":{"line":35,"column":3}},{"start":{"line":33,"column":2},"end":{"line":35,"column":3}}],"line":33},"2":{"loc":{"start":{"line":39,"column":2},"end":{"line":43,"column":3}},"type":"if","locations":[{"start":{"line":39,"column":2},"end":{"line":43,"column":3}},{"start":{"line":39,"column":2},"end":{"line":43,"column":3}}],"line":39},"3":{"loc":{"start":{"line":51,"column":4},"end":{"line":51,"column":50}},"type":"binary-expr","locations":[{"start":{"line":51,"column":4},"end":{"line":51,"column":10}},{"start":{"line":51,"column":14},"end":{"line":51,"column":50}}],"line":51},"4":{"loc":{"start":{"line":54,"column":17},"end":{"line":54,"column":40}},"type":"cond-expr","locations":[{"start":{"line":54,"column":26},"end":{"line":54,"column":35}},{"start":{"line":54,"column":38},"end":{"line":54,"column":40}}],"line":54},"5":{"loc":{"start":{"line":58,"column":19},"end":{"line":58,"column":76}},"type":"cond-expr","locations":[{"start":{"line":58,"column":42},"end":{"line":58,"column":62}},{"start":{"line":58,"column":65},"end":{"line":58,"column":76}}],"line":58},"6":{"loc":{"start":{"line":62,"column":5},"end":{"line":78,"column":5}},"type":"binary-expr","locations":[{"start":{"line":62,"column":5},"end":{"line":62,"column":11}},{"start":{"line":63,"column":5},"end":{"line":77,"column":25}}],"line":62},"7":{"loc":{"start":{"line":66,"column":42},"end":{"line":66,"column":83}},"type":"binary-expr","locations":[{"start":{"line":66,"column":42},"end":{"line":66,"column":69}},{"start":{"line":66,"column":73},"end":{"line":66,"column":83}}],"line":66}},"s":{"0":0,"1":0,"2":0,"3":0,"4":0,"5":0,"6":0,"7":0,"8":0,"9":0,"10":0,"11":0,"12":0,"13":0,"14":0,"15":0,"16":0,"17":0,"18":0,"19":0,"20":0,"21":0,"22":0,"23":0,"24":0,"25":0,"26":0,"27":0,"28":0,"29":0,"30":0,"31":0,"32":0,"33":0,"34":0,"35":0,"36":0},"f":{"0":0,"1":0,"2":0,"3":0,"4":0,"5":0,"6":0,"7":0,"8":0,"9":0,"10":0,"11":0},"b":{"0":[0,0],"1":[0,0],"2":[0,0],"3":[0,0],"4":[0,0],"5":[0,0],"6":[0,0],"7":[0,0]},"hash":"162ec0d7a41cd4761207bb8898da37559269d44c"}
,"/Users/difee/dev/work/ssb-component-library/src/components/Input/index.jsx": {"path":"/Users/difee/dev/work/ssb-component-library/src/components/Input/index.jsx","statementMap":{"0":{"start":{"line":9,"column":14},"end":{"line":49,"column":1}},"1":{"start":{"line":12,"column":32},"end":{"line":12,"column":47}},"2":{"start":{"line":13,"column":12},"end":{"line":13,"column":18}},"3":{"start":{"line":14,"column":27},"end":{"line":17,"column":2}},"4":{"start":{"line":15,"column":2},"end":{"line":15,"column":27}},"5":{"start":{"line":16,"column":2},"end":{"line":16,"column":31}},"6":{"start":{"line":19,"column":1},"end":{"line":48,"column":3}},"7":{"start":{"line":31,"column":20},"end":{"line":31,"column":40}},"8":{"start":{"line":34,"column":33},"end":{"line":34,"column":59}},"9":{"start":{"line":51,"column":16},"end":{"line":58,"column":1}},"10":{"start":{"line":60,"column":21},"end":{"line":62,"column":1}},"11":{"start":{"line":64,"column":19},"end":{"line":92,"column":1}},"12":{"start":{"line":65,"column":25},"end":{"line":65,"column":66}},"13":{"start":{"line":66,"column":21},"end":{"line":67,"column":72}},"14":{"start":{"line":68,"column":20},"end":{"line":68,"column":57}},"15":{"start":{"line":71,"column":22},"end":{"line":71,"column":74}},"16":{"start":{"line":76,"column":31},"end":{"line":76,"column":67}},"17":{"start":{"line":81,"column":13},"end":{"line":81,"column":91}},"18":{"start":{"line":86,"column":13},"end":{"line":86,"column":91}},"19":{"start":{"line":89,"column":33},"end":{"line":89,"column":69}},"20":{"start":{"line":94,"column":19},"end":{"line":100,"column":1}},"21":{"start":{"line":95,"column":20},"end":{"line":95,"column":56}},"22":{"start":{"line":102,"column":20},"end":{"line":110,"column":1}},"23":{"start":{"line":112,"column":21},"end":{"line":116,"column":1}},"24":{"start":{"line":113,"column":20},"end":{"line":113,"column":58}},"25":{"start":{"line":118,"column":0},"end":{"line":127,"column":2}},"26":{"start":{"line":129,"column":0},"end":{"line":140,"column":2}}},"fnMap":{"0":{"name":"(anonymous_0)","decl":{"start":{"line":9,"column":14},"end":{"line":9,"column":15}},"loc":{"start":{"line":11,"column":6},"end":{"line":49,"column":1}},"line":11},"1":{"name":"(anonymous_1)","decl":{"start":{"line":14,"column":27},"end":{"line":14,"column":28}},"loc":{"start":{"line":14,"column":32},"end":{"line":17,"column":2}},"line":14},"2":{"name":"(anonymous_2)","decl":{"start":{"line":31,"column":15},"end":{"line":31,"column":16}},"loc":{"start":{"line":31,"column":20},"end":{"line":31,"column":40}},"line":31},"3":{"name":"(anonymous_3)","decl":{"start":{"line":34,"column":27},"end":{"line":34,"column":28}},"loc":{"start":{"line":34,"column":33},"end":{"line":34,"column":59}},"line":34},"4":{"name":"(anonymous_4)","decl":{"start":{"line":65,"column":15},"end":{"line":65,"column":16}},"loc":{"start":{"line":65,"column":25},"end":{"line":65,"column":66}},"line":65},"5":{"name":"(anonymous_5)","decl":{"start":{"line":66,"column":11},"end":{"line":66,"column":12}},"loc":{"start":{"line":66,"column":21},"end":{"line":67,"column":72}},"line":66},"6":{"name":"(anonymous_6)","decl":{"start":{"line":68,"column":10},"end":{"line":68,"column":11}},"loc":{"start":{"line":68,"column":20},"end":{"line":68,"column":57}},"line":68},"7":{"name":"(anonymous_7)","decl":{"start":{"line":71,"column":12},"end":{"line":71,"column":13}},"loc":{"start":{"line":71,"column":22},"end":{"line":71,"column":74}},"line":71},"8":{"name":"(anonymous_8)","decl":{"start":{"line":76,"column":21},"end":{"line":76,"column":22}},"loc":{"start":{"line":76,"column":31},"end":{"line":76,"column":67}},"line":76},"9":{"name":"(anonymous_9)","decl":{"start":{"line":81,"column":4},"end":{"line":81,"column":5}},"loc":{"start":{"line":81,"column":13},"end":{"line":81,"column":91}},"line":81},"10":{"name":"(anonymous_10)","decl":{"start":{"line":86,"column":4},"end":{"line":86,"column":5}},"loc":{"start":{"line":86,"column":13},"end":{"line":86,"column":91}},"line":86},"11":{"name":"(anonymous_11)","decl":{"start":{"line":89,"column":23},"end":{"line":89,"column":24}},"loc":{"start":{"line":89,"column":33},"end":{"line":89,"column":69}},"line":89},"12":{"name":"(anonymous_12)","decl":{"start":{"line":95,"column":10},"end":{"line":95,"column":11}},"loc":{"start":{"line":95,"column":20},"end":{"line":95,"column":56}},"line":95},"13":{"name":"(anonymous_13)","decl":{"start":{"line":113,"column":10},"end":{"line":113,"column":11}},"loc":{"start":{"line":113,"column":20},"end":{"line":113,"column":58}},"line":113},"14":{"name":"(anonymous_14)","decl":{"start":{"line":121,"column":15},"end":{"line":121,"column":16}},"loc":{"start":{"line":121,"column":21},"end":{"line":121,"column":23}},"line":121},"15":{"name":"(anonymous_15)","decl":{"start":{"line":125,"column":17},"end":{"line":125,"column":18}},"loc":{"start":{"line":125,"column":23},"end":{"line":125,"column":25}},"line":125}},"branchMap":{"0":{"loc":{"start":{"line":33,"column":5},"end":{"line":37,"column":5}},"type":"binary-expr","locations":[{"start":{"line":33,"column":5},"end":{"line":33,"column":16}},{"start":{"line":34,"column":5},"end":{"line":36,"column":19}}],"line":33},"1":{"loc":{"start":{"line":35,"column":30},"end":{"line":35,"column":62}},"type":"cond-expr","locations":[{"start":{"line":35,"column":41},"end":{"line":35,"column":50}},{"start":{"line":35,"column":53},"end":{"line":35,"column":62}}],"line":35},"2":{"loc":{"start":{"line":38,"column":5},"end":{"line":42,"column":5}},"type":"binary-expr","locations":[{"start":{"line":38,"column":5},"end":{"line":38,"column":10}},{"start":{"line":39,"column":5},"end":{"line":41,"column":19}}],"line":38},"3":{"loc":{"start":{"line":40,"column":37},"end":{"line":40,"column":69}},"type":"cond-expr","locations":[{"start":{"line":40,"column":48},"end":{"line":40,"column":59}},{"start":{"line":40,"column":62},"end":{"line":40,"column":69}}],"line":40},"4":{"loc":{"start":{"line":44,"column":4},"end":{"line":46,"column":5}},"type":"binary-expr","locations":[{"start":{"line":44,"column":4},"end":{"line":44,"column":9}},{"start":{"line":44,"column":14},"end":{"line":44,"column":26}},{"start":{"line":45,"column":4},"end":{"line":45,"column":69}}],"line":44},"5":{"loc":{"start":{"line":65,"column":25},"end":{"line":65,"column":66}},"type":"cond-expr","locations":[{"start":{"line":65,"column":42},"end":{"line":65,"column":55}},{"start":{"line":65,"column":58},"end":{"line":65,"column":66}}],"line":65},"6":{"loc":{"start":{"line":66,"column":21},"end":{"line":67,"column":72}},"type":"cond-expr","locations":[{"start":{"line":66,"column":35},"end":{"line":66,"column":88}},{"start":{"line":67,"column":5},"end":{"line":67,"column":71}}],"line":66},"7":{"loc":{"start":{"line":66,"column":48},"end":{"line":66,"column":86}},"type":"cond-expr","locations":[{"start":{"line":66,"column":65},"end":{"line":66,"column":76}},{"start":{"line":66,"column":79},"end":{"line":66,"column":86}}],"line":66},"8":{"loc":{"start":{"line":67,"column":5},"end":{"line":67,"column":71}},"type":"cond-expr","locations":[{"start":{"line":67,"column":22},"end":{"line":67,"column":45}},{"start":{"line":67,"column":48},"end":{"line":67,"column":71}}],"line":67},"9":{"loc":{"start":{"line":68,"column":20},"end":{"line":68,"column":57}},"type":"cond-expr","locations":[{"start":{"line":68,"column":37},"end":{"line":68,"column":45}},{"start":{"line":68,"column":48},"end":{"line":68,"column":57}}],"line":68},"10":{"loc":{"start":{"line":71,"column":22},"end":{"line":71,"column":74}},"type":"cond-expr","locations":[{"start":{"line":71,"column":42},"end":{"line":71,"column":61}},{"start":{"line":71,"column":64},"end":{"line":71,"column":74}}],"line":71},"11":{"loc":{"start":{"line":76,"column":31},"end":{"line":76,"column":67}},"type":"cond-expr","locations":[{"start":{"line":76,"column":48},"end":{"line":76,"column":56}},{"start":{"line":76,"column":59},"end":{"line":76,"column":67}}],"line":76},"12":{"loc":{"start":{"line":81,"column":13},"end":{"line":81,"column":91}},"type":"binary-expr","locations":[{"start":{"line":81,"column":13},"end":{"line":81,"column":25}},{"start":{"line":81,"column":29},"end":{"line":81,"column":91}}],"line":81},"13":{"loc":{"start":{"line":81,"column":50},"end":{"line":81,"column":88}},"type":"cond-expr","locations":[{"start":{"line":81,"column":67},"end":{"line":81,"column":76}},{"start":{"line":81,"column":79},"end":{"line":81,"column":88}}],"line":81},"14":{"loc":{"start":{"line":86,"column":13},"end":{"line":86,"column":91}},"type":"binary-expr","locations":[{"start":{"line":86,"column":13},"end":{"line":86,"column":25}},{"start":{"line":86,"column":29},"end":{"line":86,"column":91}}],"line":86},"15":{"loc":{"start":{"line":86,"column":50},"end":{"line":86,"column":88}},"type":"cond-expr","locations":[{"start":{"line":86,"column":67},"end":{"line":86,"column":76}},{"start":{"line":86,"column":79},"end":{"line":86,"column":88}}],"line":86},"16":{"loc":{"start":{"line":89,"column":33},"end":{"line":89,"column":69}},"type":"cond-expr","locations":[{"start":{"line":89,"column":50},"end":{"line":89,"column":58}},{"start":{"line":89,"column":61},"end":{"line":89,"column":69}}],"line":89},"17":{"loc":{"start":{"line":95,"column":20},"end":{"line":95,"column":56}},"type":"cond-expr","locations":[{"start":{"line":95,"column":37},"end":{"line":95,"column":45}},{"start":{"line":95,"column":48},"end":{"line":95,"column":56}}],"line":95},"18":{"loc":{"start":{"line":113,"column":20},"end":{"line":113,"column":58}},"type":"cond-expr","locations":[{"start":{"line":113,"column":37},"end":{"line":113,"column":48}},{"start":{"line":113,"column":51},"end":{"line":113,"column":58}}],"line":113}},"s":{"0":0,"1":0,"2":0,"3":0,"4":0,"5":0,"6":0,"7":0,"8":0,"9":0,"10":0,"11":0,"12":0,"13":0,"14":0,"15":0,"16":0,"17":0,"18":0,"19":0,"20":0,"21":0,"22":0,"23":0,"24":0,"25":0,"26":0},"f":{"0":0,"1":0,"2":0,"3":0,"4":0,"5":0,"6":0,"7":0,"8":0,"9":0,"10":0,"11":0,"12":0,"13":0,"14":0,"15":0},"b":{"0":[0,0],"1":[0,0],"2":[0,0],"3":[0,0],"4":[0,0,0],"5":[0,0],"6":[0,0],"7":[0,0],"8":[0,0],"9":[0,0],"10":[0,0],"11":[0,0],"12":[0,0],"13":[0,0],"14":[0,0],"15":[0,0],"16":[0,0],"17":[0,0],"18":[0,0]},"hash":"08e9aeb7c7a8182f2329a3b74938d95e78d6e8f2"}
,"/Users/difee/dev/work/ssb-component-library/src/components/LeadParagraph/index.jsx": {"path":"/Users/difee/dev/work/ssb-component-library/src/components/LeadParagraph/index.jsx","statementMap":{"0":{"start":{"line":7,"column":22},"end":{"line":7,"column":71}},"1":{"start":{"line":7,"column":40},"end":{"line":7,"column":71}},"2":{"start":{"line":9,"column":16},"end":{"line":14,"column":1}},"3":{"start":{"line":16,"column":0},"end":{"line":16,"column":55}}},"fnMap":{"0":{"name":"(anonymous_0)","decl":{"start":{"line":7,"column":22},"end":{"line":7,"column":23}},"loc":{"start":{"line":7,"column":40},"end":{"line":7,"column":71}},"line":7}},"branchMap":{},"s":{"0":0,"1":0,"2":0,"3":0},"f":{"0":0},"b":{},"hash":"9e7d6aed8ff2852660bb1cc4e46d7b260d7b4310"}
,"/Users/difee/dev/work/ssb-component-library/src/components/Link/index.jsx": {"path":"/Users/difee/dev/work/ssb-component-library/src/components/Link/index.jsx","statementMap":{"0":{"start":{"line":7,"column":13},"end":{"line":20,"column":1}},"1":{"start":{"line":10,"column":1},"end":{"line":19,"column":11}},"2":{"start":{"line":22,"column":16},"end":{"line":44,"column":1}},"3":{"start":{"line":29,"column":27},"end":{"line":29,"column":69}},"4":{"start":{"line":33,"column":24},"end":{"line":33,"column":66}},"5":{"start":{"line":34,"column":26},"end":{"line":34,"column":70}},"6":{"start":{"line":35,"column":30},"end":{"line":35,"column":57}},"7":{"start":{"line":46,"column":17},"end":{"line":53,"column":1}},"8":{"start":{"line":47,"column":20},"end":{"line":47,"column":58}},"9":{"start":{"line":55,"column":0},"end":{"line":59,"column":2}},"10":{"start":{"line":61,"column":0},"end":{"line":72,"column":2}}},"fnMap":{"0":{"name":"(anonymous_0)","decl":{"start":{"line":7,"column":13},"end":{"line":7,"column":14}},"loc":{"start":{"line":10,"column":1},"end":{"line":19,"column":11}},"line":10},"1":{"name":"(anonymous_1)","decl":{"start":{"line":29,"column":18},"end":{"line":29,"column":19}},"loc":{"start":{"line":29,"column":27},"end":{"line":29,"column":69}},"line":29},"2":{"name":"(anonymous_2)","decl":{"start":{"line":33,"column":14},"end":{"line":33,"column":15}},"loc":{"start":{"line":33,"column":24},"end":{"line":33,"column":66}},"line":33},"3":{"name":"(anonymous_3)","decl":{"start":{"line":34,"column":16},"end":{"line":34,"column":17}},"loc":{"start":{"line":34,"column":26},"end":{"line":34,"column":70}},"line":34},"4":{"name":"(anonymous_4)","decl":{"start":{"line":35,"column":20},"end":{"line":35,"column":21}},"loc":{"start":{"line":35,"column":30},"end":{"line":35,"column":57}},"line":35},"5":{"name":"(anonymous_5)","decl":{"start":{"line":47,"column":10},"end":{"line":47,"column":11}},"loc":{"start":{"line":47,"column":20},"end":{"line":47,"column":58}},"line":47}},"branchMap":{"0":{"loc":{"start":{"line":12,"column":10},"end":{"line":12,"column":36}},"type":"cond-expr","locations":[{"start":{"line":12,"column":23},"end":{"line":12,"column":31}},{"start":{"line":12,"column":34},"end":{"line":12,"column":36}}],"line":12},"1":{"loc":{"start":{"line":13,"column":21},"end":{"line":13,"column":55}},"type":"cond-expr","locations":[{"start":{"line":13,"column":32},"end":{"line":13,"column":42}},{"start":{"line":13,"column":45},"end":{"line":13,"column":55}}],"line":13},"2":{"loc":{"start":{"line":14,"column":7},"end":{"line":14,"column":46}},"type":"cond-expr","locations":[{"start":{"line":14,"column":20},"end":{"line":14,"column":41}},{"start":{"line":14,"column":44},"end":{"line":14,"column":46}}],"line":14},"3":{"loc":{"start":{"line":18,"column":23},"end":{"line":18,"column":52}},"type":"binary-expr","locations":[{"start":{"line":18,"column":23},"end":{"line":18,"column":44}},{"start":{"line":18,"column":48},"end":{"line":18,"column":52}}],"line":18},"4":{"loc":{"start":{"line":29,"column":27},"end":{"line":29,"column":69}},"type":"binary-expr","locations":[{"start":{"line":29,"column":27},"end":{"line":29,"column":41}},{"start":{"line":29,"column":45},"end":{"line":29,"column":69}}],"line":29},"5":{"loc":{"start":{"line":33,"column":24},"end":{"line":33,"column":66}},"type":"cond-expr","locations":[{"start":{"line":33,"column":51},"end":{"line":33,"column":57}},{"start":{"line":33,"column":60},"end":{"line":33,"column":66}}],"line":33},"6":{"loc":{"start":{"line":34,"column":26},"end":{"line":34,"column":70}},"type":"cond-expr","locations":[{"start":{"line":34,"column":53},"end":{"line":34,"column":61}},{"start":{"line":34,"column":64},"end":{"line":34,"column":70}}],"line":34},"7":{"loc":{"start":{"line":35,"column":30},"end":{"line":35,"column":57}},"type":"cond-expr","locations":[{"start":{"line":35,"column":46},"end":{"line":35,"column":49}},{"start":{"line":35,"column":52},"end":{"line":35,"column":57}}],"line":35},"8":{"loc":{"start":{"line":47,"column":20},"end":{"line":47,"column":58}},"type":"cond-expr","locations":[{"start":{"line":47,"column":38},"end":{"line":47,"column":46}},{"start":{"line":47,"column":49},"end":{"line":47,"column":58}}],"line":47}},"s":{"0":0,"1":0,"2":0,"3":0,"4":0,"5":0,"6":0,"7":0,"8":0,"9":0,"10":0},"f":{"0":0,"1":0,"2":0,"3":0,"4":0,"5":0},"b":{"0":[0,0],"1":[0,0],"2":[0,0],"3":[0,0],"4":[0,0],"5":[0,0],"6":[0,0],"7":[0,0],"8":[0,0]},"hash":"4393bbeb5946b74a692a7a9096e9075208b9bd88"}
,"/Users/difee/dev/work/ssb-component-library/src/components/Number/index.jsx": {"path":"/Users/difee/dev/work/ssb-component-library/src/components/Number/index.jsx","statementMap":{"0":{"start":{"line":7,"column":21},"end":{"line":9,"column":41}},"1":{"start":{"line":7,"column":28},"end":{"line":9,"column":41}},"2":{"start":{"line":11,"column":15},"end":{"line":17,"column":1}},"3":{"start":{"line":14,"column":1},"end":{"line":16,"column":17}},"4":{"start":{"line":19,"column":22},"end":{"line":24,"column":1}},"5":{"start":{"line":22,"column":24},"end":{"line":22,"column":101}},"6":{"start":{"line":26,"column":0},"end":{"line":28,"column":2}},"7":{"start":{"line":30,"column":0},"end":{"line":36,"column":2}}},"fnMap":{"0":{"name":"(anonymous_0)","decl":{"start":{"line":7,"column":21},"end":{"line":7,"column":22}},"loc":{"start":{"line":7,"column":28},"end":{"line":9,"column":41}},"line":7},"1":{"name":"(anonymous_1)","decl":{"start":{"line":11,"column":15},"end":{"line":11,"column":16}},"loc":{"start":{"line":14,"column":1},"end":{"line":16,"column":17}},"line":14},"2":{"name":"(anonymous_2)","decl":{"start":{"line":22,"column":14},"end":{"line":22,"column":15}},"loc":{"start":{"line":22,"column":24},"end":{"line":22,"column":101}},"line":22}},"branchMap":{"0":{"loc":{"start":{"line":22,"column":24},"end":{"line":22,"column":101}},"type":"cond-expr","locations":[{"start":{"line":22,"column":49},"end":{"line":22,"column":55}},{"start":{"line":22,"column":58},"end":{"line":22,"column":101}}],"line":22},"1":{"loc":{"start":{"line":22,"column":58},"end":{"line":22,"column":101}},"type":"cond-expr","locations":[{"start":{"line":22,"column":84},"end":{"line":22,"column":91}},{"start":{"line":22,"column":94},"end":{"line":22,"column":101}}],"line":22}},"s":{"0":0,"1":0,"2":0,"3":0,"4":0,"5":0,"6":0,"7":0},"f":{"0":0,"1":0,"2":0},"b":{"0":[0,0],"1":[0,0]},"hash":"d2c5e1433e0cccc254328a5eacef8d7f4a554e59"}
,"/Users/difee/dev/work/ssb-component-library/src/components/Pagination/index.jsx": {"path":"/Users/difee/dev/work/ssb-component-library/src/components/Pagination/index.jsx","statementMap":{"0":{"start":{"line":8,"column":19},"end":{"line":78,"column":1}},"1":{"start":{"line":11,"column":33},"end":{"line":11,"column":67}},"2":{"start":{"line":12,"column":48},"end":{"line":12,"column":62}},"3":{"start":{"line":13,"column":40},"end":{"line":13,"column":55}},"4":{"start":{"line":14,"column":42},"end":{"line":14,"column":56}},"5":{"start":{"line":16,"column":1},"end":{"line":37,"column":16}},"6":{"start":{"line":17,"column":20},"end":{"line":17,"column":25}},"7":{"start":{"line":18,"column":2},"end":{"line":36,"column":3}},"8":{"start":{"line":19,"column":3},"end":{"line":19,"column":25}},"9":{"start":{"line":20,"column":3},"end":{"line":20,"column":26}},"10":{"start":{"line":21,"column":3},"end":{"line":21,"column":31}},"11":{"start":{"line":22,"column":9},"end":{"line":36,"column":3}},"12":{"start":{"line":23,"column":3},"end":{"line":23,"column":25}},"13":{"start":{"line":24,"column":3},"end":{"line":24,"column":47}},"14":{"start":{"line":25,"column":3},"end":{"line":27,"column":4}},"15":{"start":{"line":26,"column":4},"end":{"line":26,"column":26}},"16":{"start":{"line":28,"column":9},"end":{"line":36,"column":3}},"17":{"start":{"line":29,"column":3},"end":{"line":29,"column":83}},"18":{"start":{"line":30,"column":3},"end":{"line":30,"column":26}},"19":{"start":{"line":31,"column":3},"end":{"line":31,"column":24}},"20":{"start":{"line":33,"column":3},"end":{"line":33,"column":111}},"21":{"start":{"line":34,"column":3},"end":{"line":34,"column":24}},"22":{"start":{"line":35,"column":3},"end":{"line":35,"column":25}},"23":{"start":{"line":39,"column":25},"end":{"line":42,"column":2}},"24":{"start":{"line":40,"column":2},"end":{"line":40,"column":19}},"25":{"start":{"line":41,"column":2},"end":{"line":41,"column":16}},"26":{"start":{"line":44,"column":1},"end":{"line":77,"column":3}},"27":{"start":{"line":46,"column":35},"end":{"line":46,"column":86}},"28":{"start":{"line":52,"column":19},"end":{"line":52,"column":44}},"29":{"start":{"line":57,"column":4},"end":{"line":64,"column":5}},"30":{"start":{"line":60,"column":21},"end":{"line":60,"column":42}},"31":{"start":{"line":69,"column":19},"end":{"line":69,"column":59}},"32":{"start":{"line":72,"column":35},"end":{"line":72,"column":86}},"33":{"start":{"line":80,"column":26},"end":{"line":84,"column":1}},"34":{"start":{"line":86,"column":24},"end":{"line":105,"column":1}},"35":{"start":{"line":107,"column":18},"end":{"line":124,"column":1}},"36":{"start":{"line":109,"column":25},"end":{"line":109,"column":62}},"37":{"start":{"line":111,"column":20},"end":{"line":111,"column":57}},"38":{"start":{"line":122,"column":27},"end":{"line":122,"column":62}},"39":{"start":{"line":126,"column":24},"end":{"line":132,"column":1}},"40":{"start":{"line":134,"column":0},"end":{"line":136,"column":2}},"41":{"start":{"line":138,"column":0},"end":{"line":142,"column":2}}},"fnMap":{"0":{"name":"(anonymous_0)","decl":{"start":{"line":8,"column":19},"end":{"line":8,"column":20}},"loc":{"start":{"line":10,"column":6},"end":{"line":78,"column":1}},"line":10},"1":{"name":"(anonymous_1)","decl":{"start":{"line":16,"column":11},"end":{"line":16,"column":12}},"loc":{"start":{"line":16,"column":17},"end":{"line":37,"column":2}},"line":16},"2":{"name":"(anonymous_2)","decl":{"start":{"line":39,"column":25},"end":{"line":39,"column":26}},"loc":{"start":{"line":39,"column":32},"end":{"line":42,"column":2}},"line":39},"3":{"name":"(anonymous_3)","decl":{"start":{"line":46,"column":29},"end":{"line":46,"column":30}},"loc":{"start":{"line":46,"column":35},"end":{"line":46,"column":86}},"line":46},"4":{"name":"(anonymous_4)","decl":{"start":{"line":52,"column":13},"end":{"line":52,"column":14}},"loc":{"start":{"line":52,"column":19},"end":{"line":52,"column":44}},"line":52},"5":{"name":"(anonymous_5)","decl":{"start":{"line":56,"column":41},"end":{"line":56,"column":42}},"loc":{"start":{"line":57,"column":4},"end":{"line":64,"column":5}},"line":57},"6":{"name":"(anonymous_6)","decl":{"start":{"line":60,"column":15},"end":{"line":60,"column":16}},"loc":{"start":{"line":60,"column":21},"end":{"line":60,"column":42}},"line":60},"7":{"name":"(anonymous_7)","decl":{"start":{"line":69,"column":13},"end":{"line":69,"column":14}},"loc":{"start":{"line":69,"column":19},"end":{"line":69,"column":59}},"line":69},"8":{"name":"(anonymous_8)","decl":{"start":{"line":72,"column":29},"end":{"line":72,"column":30}},"loc":{"start":{"line":72,"column":35},"end":{"line":72,"column":86}},"line":72},"9":{"name":"(anonymous_9)","decl":{"start":{"line":109,"column":15},"end":{"line":109,"column":16}},"loc":{"start":{"line":109,"column":25},"end":{"line":109,"column":62}},"line":109},"10":{"name":"(anonymous_10)","decl":{"start":{"line":111,"column":10},"end":{"line":111,"column":11}},"loc":{"start":{"line":111,"column":20},"end":{"line":111,"column":57}},"line":111},"11":{"name":"(anonymous_11)","decl":{"start":{"line":122,"column":17},"end":{"line":122,"column":18}},"loc":{"start":{"line":122,"column":27},"end":{"line":122,"column":62}},"line":122},"12":{"name":"(anonymous_12)","decl":{"start":{"line":135,"column":11},"end":{"line":135,"column":12}},"loc":{"start":{"line":135,"column":17},"end":{"line":135,"column":19}},"line":135}},"branchMap":{"0":{"loc":{"start":{"line":11,"column":42},"end":{"line":11,"column":66}},"type":"binary-expr","locations":[{"start":{"line":11,"column":42},"end":{"line":11,"column":54}},{"start":{"line":11,"column":58},"end":{"line":11,"column":66}}],"line":11},"1":{"loc":{"start":{"line":18,"column":2},"end":{"line":36,"column":3}},"type":"if","locations":[{"start":{"line":18,"column":2},"end":{"line":36,"column":3}},{"start":{"line":18,"column":2},"end":{"line":36,"column":3}}],"line":18},"2":{"loc":{"start":{"line":22,"column":9},"end":{"line":36,"column":3}},"type":"if","locations":[{"start":{"line":22,"column":9},"end":{"line":36,"column":3}},{"start":{"line":22,"column":9},"end":{"line":36,"column":3}}],"line":22},"3":{"loc":{"start":{"line":25,"column":3},"end":{"line":27,"column":4}},"type":"if","locations":[{"start":{"line":25,"column":3},"end":{"line":27,"column":4}},{"start":{"line":25,"column":3},"end":{"line":27,"column":4}}],"line":25},"4":{"loc":{"start":{"line":28,"column":9},"end":{"line":36,"column":3}},"type":"if","locations":[{"start":{"line":28,"column":9},"end":{"line":36,"column":3}},{"start":{"line":28,"column":9},"end":{"line":36,"column":3}}],"line":28},"5":{"loc":{"start":{"line":55,"column":4},"end":{"line":55,"column":58}},"type":"binary-expr","locations":[{"start":{"line":55,"column":4},"end":{"line":55,"column":16}},{"start":{"line":55,"column":20},"end":{"line":55,"column":58}}],"line":55},"6":{"loc":{"start":{"line":56,"column":4},"end":{"line":65,"column":5}},"type":"binary-expr","locations":[{"start":{"line":56,"column":4},"end":{"line":56,"column":18}},{"start":{"line":56,"column":22},"end":{"line":65,"column":5}}],"line":56},"7":{"loc":{"start":{"line":57,"column":4},"end":{"line":64,"column":5}},"type":"binary-expr","locations":[{"start":{"line":57,"column":4},"end":{"line":57,"column":21}},{"start":{"line":57,"column":25},"end":{"line":57,"column":57}},{"start":{"line":58,"column":5},"end":{"line":63,"column":17}}],"line":57},"8":{"loc":{"start":{"line":66,"column":4},"end":{"line":66,"column":59}},"type":"binary-expr","locations":[{"start":{"line":66,"column":4},"end":{"line":66,"column":17}},{"start":{"line":66,"column":21},"end":{"line":66,"column":59}}],"line":66},"9":{"loc":{"start":{"line":109,"column":25},"end":{"line":109,"column":62}},"type":"cond-expr","locations":[{"start":{"line":109,"column":42},"end":{"line":109,"column":51}},{"start":{"line":109,"column":54},"end":{"line":109,"column":62}}],"line":109},"10":{"loc":{"start":{"line":111,"column":20},"end":{"line":111,"column":57}},"type":"cond-expr","locations":[{"start":{"line":111,"column":37},"end":{"line":111,"column":45}},{"start":{"line":111,"column":48},"end":{"line":111,"column":57}}],"line":111},"11":{"loc":{"start":{"line":122,"column":27},"end":{"line":122,"column":62}},"type":"cond-expr","locations":[{"start":{"line":122,"column":44},"end":{"line":122,"column":53}},{"start":{"line":122,"column":56},"end":{"line":122,"column":62}}],"line":122}},"s":{"0":0,"1":0,"2":0,"3":0,"4":0,"5":0,"6":0,"7":0,"8":0,"9":0,"10":0,"11":0,"12":0,"13":0,"14":0,"15":0,"16":0,"17":0,"18":0,"19":0,"20":0,"21":0,"22":0,"23":0,"24":0,"25":0,"26":0,"27":0,"28":0,"29":0,"30":0,"31":0,"32":0,"33":0,"34":0,"35":0,"36":0,"37":0,"38":0,"39":0,"40":0,"41":0},"f":{"0":0,"1":0,"2":0,"3":0,"4":0,"5":0,"6":0,"7":0,"8":0,"9":0,"10":0,"11":0,"12":0},"b":{"0":[0,0],"1":[0,0],"2":[0,0],"3":[0,0],"4":[0,0],"5":[0,0],"6":[0,0],"7":[0,0,0],"8":[0,0],"9":[0,0],"10":[0,0],"11":[0,0]},"hash":"388e71c0b02aa7d1c283d6ee5704b7eec5b7f1f2"}
,"/Users/difee/dev/work/ssb-component-library/src/components/Paragraph/index.jsx": {"path":"/Users/difee/dev/work/ssb-component-library/src/components/Paragraph/index.jsx","statementMap":{"0":{"start":{"line":7,"column":18},"end":{"line":7,"column":97}},"1":{"start":{"line":7,"column":36},"end":{"line":7,"column":97}},"2":{"start":{"line":9,"column":16},"end":{"line":14,"column":1}},"3":{"start":{"line":16,"column":0},"end":{"line":16,"column":51}}},"fnMap":{"0":{"name":"(anonymous_0)","decl":{"start":{"line":7,"column":18},"end":{"line":7,"column":19}},"loc":{"start":{"line":7,"column":36},"end":{"line":7,"column":97}},"line":7}},"branchMap":{},"s":{"0":0,"1":0,"2":0,"3":0},"f":{"0":0},"b":{},"hash":"e5ad94f98447ccd0bd931ab3339cd0121fcae6a9"}
,"/Users/difee/dev/work/ssb-component-library/src/components/RadioButton/index.jsx": {"path":"/Users/difee/dev/work/ssb-component-library/src/components/RadioButton/index.jsx","statementMap":{"0":{"start":{"line":7,"column":20},"end":{"line":30,"column":1}},"1":{"start":{"line":10,"column":1},"end":{"line":29,"column":22}},"2":{"start":{"line":12,"column":17},"end":{"line":12,"column":32}},"3":{"start":{"line":20,"column":20},"end":{"line":20,"column":35}},"4":{"start":{"line":32,"column":21},"end":{"line":36,"column":1}},"5":{"start":{"line":38,"column":21},"end":{"line":41,"column":1}},"6":{"start":{"line":43,"column":27},"end":{"line":57,"column":1}},"7":{"start":{"line":44,"column":20},"end":{"line":44,"column":51}},"8":{"start":{"line":45,"column":21},"end":{"line":45,"column":59}},"9":{"start":{"line":50,"column":29},"end":{"line":50,"column":57}},"10":{"start":{"line":59,"column":18},"end":{"line":86,"column":1}},"11":{"start":{"line":61,"column":31},"end":{"line":61,"column":68}},"12":{"start":{"line":73,"column":23},"end":{"line":73,"column":56}},"13":{"start":{"line":88,"column":0},"end":{"line":92,"column":2}},"14":{"start":{"line":94,"column":0},"end":{"line":104,"column":2}}},"fnMap":{"0":{"name":"(anonymous_0)","decl":{"start":{"line":7,"column":20},"end":{"line":7,"column":21}},"loc":{"start":{"line":10,"column":1},"end":{"line":29,"column":22}},"line":10},"1":{"name":"(anonymous_1)","decl":{"start":{"line":12,"column":11},"end":{"line":12,"column":12}},"loc":{"start":{"line":12,"column":17},"end":{"line":12,"column":32}},"line":12},"2":{"name":"(anonymous_2)","decl":{"start":{"line":20,"column":14},"end":{"line":20,"column":15}},"loc":{"start":{"line":20,"column":20},"end":{"line":20,"column":35}},"line":20},"3":{"name":"(anonymous_3)","decl":{"start":{"line":44,"column":10},"end":{"line":44,"column":11}},"loc":{"start":{"line":44,"column":20},"end":{"line":44,"column":51}},"line":44},"4":{"name":"(anonymous_4)","decl":{"start":{"line":45,"column":11},"end":{"line":45,"column":12}},"loc":{"start":{"line":45,"column":21},"end":{"line":45,"column":59}},"line":45},"5":{"name":"(anonymous_5)","decl":{"start":{"line":50,"column":19},"end":{"line":50,"column":20}},"loc":{"start":{"line":50,"column":29},"end":{"line":50,"column":57}},"line":50},"6":{"name":"(anonymous_6)","decl":{"start":{"line":61,"column":21},"end":{"line":61,"column":22}},"loc":{"start":{"line":61,"column":31},"end":{"line":61,"column":68}},"line":61},"7":{"name":"(anonymous_7)","decl":{"start":{"line":73,"column":13},"end":{"line":73,"column":14}},"loc":{"start":{"line":73,"column":23},"end":{"line":73,"column":56}},"line":73},"8":{"name":"(anonymous_8)","decl":{"start":{"line":89,"column":11},"end":{"line":89,"column":12}},"loc":{"start":{"line":89,"column":17},"end":{"line":89,"column":19}},"line":89}},"branchMap":{"0":{"loc":{"start":{"line":44,"column":20},"end":{"line":44,"column":51}},"type":"cond-expr","locations":[{"start":{"line":44,"column":37},"end":{"line":44,"column":46}},{"start":{"line":44,"column":49},"end":{"line":44,"column":51}}],"line":44},"1":{"loc":{"start":{"line":45,"column":21},"end":{"line":45,"column":59}},"type":"cond-expr","locations":[{"start":{"line":45,"column":38},"end":{"line":45,"column":47}},{"start":{"line":45,"column":50},"end":{"line":45,"column":59}}],"line":45},"2":{"loc":{"start":{"line":50,"column":29},"end":{"line":50,"column":57}},"type":"cond-expr","locations":[{"start":{"line":50,"column":46},"end":{"line":50,"column":52}},{"start":{"line":50,"column":55},"end":{"line":50,"column":57}}],"line":50},"3":{"loc":{"start":{"line":61,"column":31},"end":{"line":61,"column":68}},"type":"cond-expr","locations":[{"start":{"line":61,"column":48},"end":{"line":61,"column":57}},{"start":{"line":61,"column":60},"end":{"line":61,"column":68}}],"line":61},"4":{"loc":{"start":{"line":73,"column":23},"end":{"line":73,"column":56}},"type":"cond-expr","locations":[{"start":{"line":73,"column":40},"end":{"line":73,"column":47}},{"start":{"line":73,"column":50},"end":{"line":73,"column":56}}],"line":73}},"s":{"0":0,"1":0,"2":0,"3":0,"4":0,"5":0,"6":0,"7":0,"8":0,"9":0,"10":0,"11":0,"12":0,"13":0,"14":0},"f":{"0":0,"1":0,"2":0,"3":0,"4":0,"5":0,"6":0,"7":0,"8":0},"b":{"0":[0,0],"1":[0,0],"2":[0,0],"3":[0,0],"4":[0,0]},"hash":"6872c407ece6f9df791cd3d56973db86e3c48597"}
,"/Users/difee/dev/work/ssb-component-library/src/components/RadioGroup/index.jsx": {"path":"/Users/difee/dev/work/ssb-component-library/src/components/RadioGroup/index.jsx","statementMap":{"0":{"start":{"line":7,"column":19},"end":{"line":32,"column":1}},"1":{"start":{"line":10,"column":36},"end":{"line":10,"column":59}},"2":{"start":{"line":12,"column":1},"end":{"line":14,"column":16}},"3":{"start":{"line":13,"column":2},"end":{"line":13,"column":21}},"4":{"start":{"line":16,"column":1},"end":{"line":31,"column":3}},"5":{"start":{"line":20,"column":4},"end":{"line":28,"column":18}},"6":{"start":{"line":34,"column":26},"end":{"line":42,"column":1}},"7":{"start":{"line":44,"column":0},"end":{"line":46,"column":2}},"8":{"start":{"line":48,"column":0},"end":{"line":56,"column":2}}},"fnMap":{"0":{"name":"(anonymous_0)","decl":{"start":{"line":7,"column":19},"end":{"line":7,"column":20}},"loc":{"start":{"line":9,"column":6},"end":{"line":32,"column":1}},"line":9},"1":{"name":"(anonymous_1)","decl":{"start":{"line":12,"column":11},"end":{"line":12,"column":12}},"loc":{"start":{"line":12,"column":17},"end":{"line":14,"column":2}},"line":12},"2":{"name":"(anonymous_2)","decl":{"start":{"line":19,"column":14},"end":{"line":19,"column":15}},"loc":{"start":{"line":20,"column":4},"end":{"line":28,"column":18}},"line":20},"3":{"name":"(anonymous_3)","decl":{"start":{"line":45,"column":11},"end":{"line":45,"column":12}},"loc":{"start":{"line":45,"column":17},"end":{"line":45,"column":19}},"line":45}},"branchMap":{"0":{"loc":{"start":{"line":18,"column":4},"end":{"line":18,"column":31}},"type":"binary-expr","locations":[{"start":{"line":18,"column":4},"end":{"line":18,"column":10}},{"start":{"line":18,"column":14},"end":{"line":18,"column":31}}],"line":18}},"s":{"0":0,"1":0,"2":0,"3":0,"4":0,"5":0,"6":0,"7":0,"8":0},"f":{"0":0,"1":0,"2":0,"3":0},"b":{"0":[0,0]},"hash":"8c83234bfa19b567824fc30a7deb5b13507dc7d0"}
,"/Users/difee/dev/work/ssb-component-library/src/components/Tabs/index.jsx": {"path":"/Users/difee/dev/work/ssb-component-library/src/components/Tabs/index.jsx","statementMap":{"0":{"start":{"line":7,"column":13},"end":{"line":30,"column":1}},"1":{"start":{"line":10,"column":36},"end":{"line":10,"column":58}},"2":{"start":{"line":12,"column":21},"end":{"line":15,"column":2}},"3":{"start":{"line":13,"column":2},"end":{"line":13,"column":13}},"4":{"start":{"line":14,"column":2},"end":{"line":14,"column":18}},"5":{"start":{"line":17,"column":1},"end":{"line":29,"column":3}},"6":{"start":{"line":20,"column":4},"end":{"line":26,"column":21}},"7":{"start":{"line":21,"column":20},"end":{"line":21,"column":42}},"8":{"start":{"line":32,"column":16},"end":{"line":35,"column":1}},"9":{"start":{"line":37,"column":23},"end":{"line":56,"column":1}},"10":{"start":{"line":58,"column":19},"end":{"line":61,"column":1}},"11":{"start":{"line":63,"column":24},"end":{"line":71,"column":1}},"12":{"start":{"line":66,"column":21},"end":{"line":66,"column":45}},"13":{"start":{"line":73,"column":0},"end":{"line":76,"column":2}},"14":{"start":{"line":78,"column":0},"end":{"line":85,"column":2}}},"fnMap":{"0":{"name":"(anonymous_0)","decl":{"start":{"line":7,"column":13},"end":{"line":7,"column":14}},"loc":{"start":{"line":9,"column":6},"end":{"line":30,"column":1}},"line":9},"1":{"name":"(anonymous_1)","decl":{"start":{"line":12,"column":21},"end":{"line":12,"column":22}},"loc":{"start":{"line":12,"column":26},"end":{"line":15,"column":2}},"line":12},"2":{"name":"(anonymous_2)","decl":{"start":{"line":19,"column":14},"end":{"line":19,"column":15}},"loc":{"start":{"line":20,"column":4},"end":{"line":26,"column":21}},"line":20},"3":{"name":"(anonymous_3)","decl":{"start":{"line":21,"column":14},"end":{"line":21,"column":15}},"loc":{"start":{"line":21,"column":20},"end":{"line":21,"column":42}},"line":21},"4":{"name":"(anonymous_4)","decl":{"start":{"line":66,"column":11},"end":{"line":66,"column":12}},"loc":{"start":{"line":66,"column":21},"end":{"line":66,"column":45}},"line":66},"5":{"name":"(anonymous_5)","decl":{"start":{"line":75,"column":10},"end":{"line":75,"column":11}},"loc":{"start":{"line":75,"column":16},"end":{"line":75,"column":18}},"line":75}},"branchMap":{"0":{"loc":{"start":{"line":66,"column":21},"end":{"line":66,"column":45}},"type":"cond-expr","locations":[{"start":{"line":66,"column":36},"end":{"line":66,"column":41}},{"start":{"line":66,"column":44},"end":{"line":66,"column":45}}],"line":66}},"s":{"0":0,"1":0,"2":0,"3":0,"4":0,"5":0,"6":0,"7":0,"8":0,"9":0,"10":0,"11":0,"12":0,"13":0,"14":0},"f":{"0":0,"1":0,"2":0,"3":0,"4":0,"5":0},"b":{"0":[0,0]},"hash":"410c2f35bbe8a33e14516824674480495b88258b"}
,"/Users/difee/dev/work/ssb-component-library/src/components/Text/index.jsx": {"path":"/Users/difee/dev/work/ssb-component-library/src/components/Text/index.jsx","statementMap":{"0":{"start":{"line":7,"column":13},"end":{"line":14,"column":1}},"1":{"start":{"line":8,"column":1},"end":{"line":13,"column":15}},"2":{"start":{"line":16,"column":20},"end":{"line":25,"column":1}},"3":{"start":{"line":18,"column":31},"end":{"line":18,"column":61}},"4":{"start":{"line":19,"column":20},"end":{"line":19,"column":56}},"5":{"start":{"line":20,"column":25},"end":{"line":20,"column":54}},"6":{"start":{"line":27,"column":0},"end":{"line":31,"column":2}},"7":{"start":{"line":33,"column":0},"end":{"line":38,"column":2}}},"fnMap":{"0":{"name":"(anonymous_0)","decl":{"start":{"line":7,"column":13},"end":{"line":7,"column":14}},"loc":{"start":{"line":8,"column":1},"end":{"line":13,"column":15}},"line":8},"1":{"name":"(anonymous_1)","decl":{"start":{"line":18,"column":21},"end":{"line":18,"column":22}},"loc":{"start":{"line":18,"column":31},"end":{"line":18,"column":61}},"line":18},"2":{"name":"(anonymous_2)","decl":{"start":{"line":19,"column":10},"end":{"line":19,"column":11}},"loc":{"start":{"line":19,"column":20},"end":{"line":19,"column":56}},"line":19},"3":{"name":"(anonymous_3)","decl":{"start":{"line":20,"column":15},"end":{"line":20,"column":16}},"loc":{"start":{"line":20,"column":25},"end":{"line":20,"column":54}},"line":20}},"branchMap":{"0":{"loc":{"start":{"line":18,"column":31},"end":{"line":18,"column":61}},"type":"cond-expr","locations":[{"start":{"line":18,"column":48},"end":{"line":18,"column":56}},{"start":{"line":18,"column":59},"end":{"line":18,"column":61}}],"line":18},"1":{"loc":{"start":{"line":19,"column":20},"end":{"line":19,"column":56}},"type":"cond-expr","locations":[{"start":{"line":19,"column":37},"end":{"line":19,"column":45}},{"start":{"line":19,"column":48},"end":{"line":19,"column":56}}],"line":19},"2":{"loc":{"start":{"line":20,"column":25},"end":{"line":20,"column":54}},"type":"cond-expr","locations":[{"start":{"line":20,"column":39},"end":{"line":20,"column":45}},{"start":{"line":20,"column":48},"end":{"line":20,"column":54}}],"line":20}},"s":{"0":0,"1":0,"2":0,"3":0,"4":0,"5":0,"6":0,"7":0},"f":{"0":0,"1":0,"2":0,"3":0},"b":{"0":[0,0],"1":[0,0],"2":[0,0]},"hash":"4943d09fb5951a313f3893ec709e08a4a71f9eb3"}
,"/Users/difee/dev/work/ssb-component-library/src/components/Title/index.jsx": {"path":"/Users/difee/dev/work/ssb-component-library/src/components/Title/index.jsx","statementMap":{"0":{"start":{"line":4,"column":14},"end":{"line":13,"column":1}},"1":{"start":{"line":5,"column":1},"end":{"line":12,"column":7}},"2":{"start":{"line":15,"column":0},"end":{"line":18,"column":2}},"3":{"start":{"line":20,"column":0},"end":{"line":25,"column":2}}},"fnMap":{"0":{"name":"(anonymous_0)","decl":{"start":{"line":4,"column":14},"end":{"line":4,"column":15}},"loc":{"start":{"line":5,"column":1},"end":{"line":12,"column":7}},"line":5}},"branchMap":{"0":{"loc":{"start":{"line":6,"column":3},"end":{"line":6,"column":75}},"type":"binary-expr","locations":[{"start":{"line":6,"column":3},"end":{"line":6,"column":13}},{"start":{"line":6,"column":17},"end":{"line":6,"column":75}}],"line":6},"1":{"loc":{"start":{"line":6,"column":32},"end":{"line":6,"column":58}},"type":"cond-expr","locations":[{"start":{"line":6,"column":43},"end":{"line":6,"column":53}},{"start":{"line":6,"column":56},"end":{"line":6,"column":58}}],"line":6},"2":{"loc":{"start":{"line":7,"column":3},"end":{"line":7,"column":75}},"type":"binary-expr","locations":[{"start":{"line":7,"column":3},"end":{"line":7,"column":13}},{"start":{"line":7,"column":17},"end":{"line":7,"column":75}}],"line":7},"3":{"loc":{"start":{"line":7,"column":32},"end":{"line":7,"column":58}},"type":"cond-expr","locations":[{"start":{"line":7,"column":43},"end":{"line":7,"column":53}},{"start":{"line":7,"column":56},"end":{"line":7,"column":58}}],"line":7},"4":{"loc":{"start":{"line":8,"column":3},"end":{"line":8,"column":75}},"type":"binary-expr","locations":[{"start":{"line":8,"column":3},"end":{"line":8,"column":13}},{"start":{"line":8,"column":17},"end":{"line":8,"column":75}}],"line":8},"5":{"loc":{"start":{"line":8,"column":32},"end":{"line":8,"column":58}},"type":"cond-expr","locations":[{"start":{"line":8,"column":43},"end":{"line":8,"column":53}},{"start":{"line":8,"column":56},"end":{"line":8,"column":58}}],"line":8},"6":{"loc":{"start":{"line":9,"column":3},"end":{"line":9,"column":75}},"type":"binary-expr","locations":[{"start":{"line":9,"column":3},"end":{"line":9,"column":13}},{"start":{"line":9,"column":17},"end":{"line":9,"column":75}}],"line":9},"7":{"loc":{"start":{"line":9,"column":32},"end":{"line":9,"column":58}},"type":"cond-expr","locations":[{"start":{"line":9,"column":43},"end":{"line":9,"column":53}},{"start":{"line":9,"column":56},"end":{"line":9,"column":58}}],"line":9},"8":{"loc":{"start":{"line":10,"column":3},"end":{"line":10,"column":75}},"type":"binary-expr","locations":[{"start":{"line":10,"column":3},"end":{"line":10,"column":13}},{"start":{"line":10,"column":17},"end":{"line":10,"column":75}}],"line":10},"9":{"loc":{"start":{"line":10,"column":32},"end":{"line":10,"column":58}},"type":"cond-expr","locations":[{"start":{"line":10,"column":43},"end":{"line":10,"column":53}},{"start":{"line":10,"column":56},"end":{"line":10,"column":58}}],"line":10},"10":{"loc":{"start":{"line":11,"column":3},"end":{"line":11,"column":75}},"type":"binary-expr","locations":[{"start":{"line":11,"column":3},"end":{"line":11,"column":13}},{"start":{"line":11,"column":17},"end":{"line":11,"column":75}}],"line":11},"11":{"loc":{"start":{"line":11,"column":32},"end":{"line":11,"column":58}},"type":"cond-expr","locations":[{"start":{"line":11,"column":43},"end":{"line":11,"column":53}},{"start":{"line":11,"column":56},"end":{"line":11,"column":58}}],"line":11}},"s":{"0":0,"1":0,"2":0,"3":0},"f":{"0":0},"b":{"0":[0,0],"1":[0,0],"2":[0,0],"3":[0,0],"4":[0,0],"5":[0,0],"6":[0,0],"7":[0,0],"8":[0,0],"9":[0,0],"10":[0,0],"11":[0,0]},"hash":"45d9eb2b7882654674a5b56936c6ce91f98790d4"}
,"/Users/difee/dev/work/ssb-component-library/src/components/WordExplanation/index.jsx": {"path":"/Users/difee/dev/work/ssb-component-library/src/components/WordExplanation/index.jsx","statementMap":{"0":{"start":{"line":5,"column":24},"end":{"line":70,"column":1}},"1":{"start":{"line":8,"column":14},"end":{"line":8,"column":22}},"2":{"start":{"line":9,"column":23},"end":{"line":9,"column":31}},"3":{"start":{"line":10,"column":25},"end":{"line":10,"column":40}},"4":{"start":{"line":11,"column":33},"end":{"line":11,"column":57}},"5":{"start":{"line":13,"column":28},"end":{"line":18,"column":2}},"6":{"start":{"line":14,"column":2},"end":{"line":16,"column":3}},"7":{"start":{"line":15,"column":3},"end":{"line":15,"column":10}},"8":{"start":{"line":17,"column":2},"end":{"line":17,"column":17}},"9":{"start":{"line":20,"column":27},"end":{"line":36,"column":2}},"10":{"start":{"line":21,"column":20},"end":{"line":21,"column":22}},"11":{"start":{"line":22,"column":23},"end":{"line":22,"column":26}},"12":{"start":{"line":23,"column":2},"end":{"line":26,"column":3}},"13":{"start":{"line":25,"column":3},"end":{"line":25,"column":101}},"14":{"start":{"line":27,"column":2},"end":{"line":35,"column":3}},"15":{"start":{"line":28,"column":3},"end":{"line":34,"column":4}},"16":{"start":{"line":30,"column":23},"end":{"line":30,"column":59}},"17":{"start":{"line":31,"column":4},"end":{"line":31,"column":57}},"18":{"start":{"line":33,"column":4},"end":{"line":33,"column":41}},"19":{"start":{"line":38,"column":1},"end":{"line":49,"column":12}},"20":{"start":{"line":39,"column":2},"end":{"line":39,"column":69}},"21":{"start":{"line":40,"column":2},"end":{"line":44,"column":3}},"22":{"start":{"line":41,"column":3},"end":{"line":41,"column":62}},"23":{"start":{"line":43,"column":3},"end":{"line":43,"column":65}},"24":{"start":{"line":46,"column":2},"end":{"line":48,"column":4}},"25":{"start":{"line":47,"column":3},"end":{"line":47,"column":65}},"26":{"start":{"line":51,"column":1},"end":{"line":69,"column":3}},"27":{"start":{"line":52,"column":34},"end":{"line":52,"column":48}},"28":{"start":{"line":72,"column":0},"end":{"line":72,"column":34}},"29":{"start":{"line":74,"column":0},"end":{"line":80,"column":2}}},"fnMap":{"0":{"name":"(anonymous_0)","decl":{"start":{"line":5,"column":24},"end":{"line":5,"column":25}},"loc":{"start":{"line":7,"column":6},"end":{"line":70,"column":1}},"line":7},"1":{"name":"(anonymous_1)","decl":{"start":{"line":13,"column":28},"end":{"line":13,"column":29}},"loc":{"start":{"line":13,"column":33},"end":{"line":18,"column":2}},"line":13},"2":{"name":"(anonymous_2)","decl":{"start":{"line":20,"column":27},"end":{"line":20,"column":28}},"loc":{"start":{"line":20,"column":37},"end":{"line":36,"column":2}},"line":20},"3":{"name":"(anonymous_3)","decl":{"start":{"line":38,"column":11},"end":{"line":38,"column":12}},"loc":{"start":{"line":38,"column":17},"end":{"line":49,"column":2}},"line":38},"4":{"name":"(anonymous_4)","decl":{"start":{"line":46,"column":9},"end":{"line":46,"column":10}},"loc":{"start":{"line":46,"column":15},"end":{"line":48,"column":3}},"line":46},"5":{"name":"(anonymous_5)","decl":{"start":{"line":52,"column":28},"end":{"line":52,"column":29}},"loc":{"start":{"line":52,"column":34},"end":{"line":52,"column":48}},"line":52}},"branchMap":{"0":{"loc":{"start":{"line":14,"column":2},"end":{"line":16,"column":3}},"type":"if","locations":[{"start":{"line":14,"column":2},"end":{"line":16,"column":3}},{"start":{"line":14,"column":2},"end":{"line":16,"column":3}}],"line":14},"1":{"loc":{"start":{"line":23,"column":2},"end":{"line":26,"column":3}},"type":"if","locations":[{"start":{"line":23,"column":2},"end":{"line":26,"column":3}},{"start":{"line":23,"column":2},"end":{"line":26,"column":3}}],"line":23},"2":{"loc":{"start":{"line":23,"column":6},"end":{"line":23,"column":38}},"type":"binary-expr","locations":[{"start":{"line":23,"column":6},"end":{"line":23,"column":10}},{"start":{"line":23,"column":14},"end":{"line":23,"column":38}}],"line":23},"3":{"loc":{"start":{"line":27,"column":2},"end":{"line":35,"column":3}},"type":"if","locations":[{"start":{"line":27,"column":2},"end":{"line":35,"column":3}},{"start":{"line":27,"column":2},"end":{"line":35,"column":3}}],"line":27},"4":{"loc":{"start":{"line":27,"column":6},"end":{"line":27,"column":37}},"type":"binary-expr","locations":[{"start":{"line":27,"column":6},"end":{"line":27,"column":10}},{"start":{"line":27,"column":14},"end":{"line":27,"column":37}}],"line":27},"5":{"loc":{"start":{"line":28,"column":3},"end":{"line":34,"column":4}},"type":"if","locations":[{"start":{"line":28,"column":3},"end":{"line":34,"column":4}},{"start":{"line":28,"column":3},"end":{"line":34,"column":4}}],"line":28},"6":{"loc":{"start":{"line":40,"column":2},"end":{"line":44,"column":3}},"type":"if","locations":[{"start":{"line":40,"column":2},"end":{"line":44,"column":3}},{"start":{"line":40,"column":2},"end":{"line":44,"column":3}}],"line":40},"7":{"loc":{"start":{"line":55,"column":4},"end":{"line":67,"column":4}},"type":"binary-expr","locations":[{"start":{"line":55,"column":4},"end":{"line":55,"column":8}},{"start":{"line":56,"column":4},"end":{"line":66,"column":10}}],"line":55}},"s":{"0":0,"1":0,"2":0,"3":0,"4":0,"5":0,"6":0,"7":0,"8":0,"9":0,"10":0,"11":0,"12":0,"13":0,"14":0,"15":0,"16":0,"17":0,"18":0,"19":0,"20":0,"21":0,"22":0,"23":0,"24":0,"25":0,"26":0,"27":0,"28":0,"29":0},"f":{"0":0,"1":0,"2":0,"3":0,"4":0,"5":0},"b":{"0":[0,0],"1":[0,0],"2":[0,0],"3":[0,0],"4":[0,0],"5":[0,0],"6":[0,0],"7":[0,0]},"hash":"25b3a90ade7bc39fc526a1d113b002d5175ba794"}
}
