TN:
SF:/Users/difee/dev/work/ssb-component-library/src/components/Button/index.jsx
FN:7,(anonymous_0)
FN:23,(anonymous_1)
FN:24,(anonymous_2)
FN:26,(anonymous_3)
FN:33,(anonymous_4)
FN:37,(anonymous_5)
FN:40,(anonymous_6)
FN:64,(anonymous_7)
FNF:8
FNH:7
FNDA:4,(anonymous_0)
FNDA:4,(anonymous_1)
FNDA:4,(anonymous_2)
FNDA:4,(anonymous_3)
FNDA:4,(anonymous_4)
FNDA:4,(anonymous_5)
FNDA:4,(anonymous_6)
FNDA:0,(anonymous_7)
DA:7,1
DA:10,4
DA:21,1
DA:23,4
DA:24,4
DA:26,4
DA:33,4
DA:37,4
DA:40,4
DA:50,1
DA:62,1
DA:69,1
LF:12
LH:12
BRDA:12,0,0,2
BRDA:12,0,1,2
BRDA:23,1,0,2
BRDA:23,1,1,2
BRDA:24,2,0,2
BRDA:24,2,1,2
BRDA:26,3,0,2
BRDA:26,3,1,2
BRDA:33,4,0,2
BRDA:33,4,1,2
BRDA:37,5,0,2
BRDA:37,5,1,2
BRDA:40,6,0,4
BRDA:40,6,1,2
BRDA:41,7,0,1
BRDA:41,7,1,1
BRDA:42,8,0,1
BRDA:42,8,1,1
BRDA:45,9,0,1
BRDA:45,9,1,1
BRDA:46,10,0,1
BRDA:46,10,1,1
BRF:22
BRH:22
end_of_record
TN:
SF:/Users/difee/dev/work/ssb-component-library/src/components/Checkbox/index.jsx
FN:7,(anonymous_0)
FN:19,(anonymous_1)
FN:33,(anonymous_2)
FN:34,(anonymous_3)
FN:39,(anonymous_4)
FN:60,(anonymous_5)
FN:62,(anonymous_6)
FN:74,(anonymous_7)
FN:95,(anonymous_8)
FNF:9
FNH:0
FNDA:0,(anonymous_0)
FNDA:0,(anonymous_1)
FNDA:0,(anonymous_2)
FNDA:0,(anonymous_3)
FNDA:0,(anonymous_4)
FNDA:0,(anonymous_5)
FNDA:0,(anonymous_6)
FNDA:0,(anonymous_7)
FNDA:0,(anonymous_8)
DA:7,0
DA:10,0
DA:19,0
DA:31,0
DA:33,0
DA:34,0
DA:39,0
DA:59,0
DA:60,0
DA:62,0
DA:74,0
DA:94,0
DA:99,0
LF:13
LH:0
BRDA:33,0,0,0
BRDA:33,0,1,0
BRDA:34,1,0,0
BRDA:34,1,1,0
BRDA:39,2,0,0
BRDA:39,2,1,0
BRDA:60,3,0,0
BRDA:60,3,1,0
BRDA:62,4,0,0
BRDA:62,4,1,0
BRDA:74,5,0,0
BRDA:74,5,1,0
BRF:12
BRH:0
end_of_record
TN:
SF:/Users/difee/dev/work/ssb-component-library/src/components/CheckboxGroup/index.jsx
FN:8,(anonymous_0)
FN:13,(anonymous_1)
FN:17,(anonymous_2)
FN:30,(anonymous_3)
FN:61,(anonymous_4)
FNF:5
FNH:0
FNDA:0,(anonymous_0)
FNDA:0,(anonymous_1)
FNDA:0,(anonymous_2)
FNDA:0,(anonymous_3)
FNDA:0,(anonymous_4)
DA:8,0
DA:11,0
DA:13,0
DA:14,0
DA:17,0
DA:18,0
DA:19,0
DA:20,0
DA:22,0
DA:24,0
DA:27,0
DA:31,0
DA:45,0
DA:60,0
DA:65,0
LF:15
LH:0
BRDA:19,0,0,0
BRDA:19,0,1,0
BRDA:29,1,0,0
BRDA:29,1,1,0
BRF:4
BRH:0
end_of_record
TN:
SF:/Users/difee/dev/work/ssb-component-library/src/components/Divider/index.jsx
FN:4,(anonymous_0)
FNF:1
FNH:0
FNDA:0,(anonymous_0)
DA:4,0
DA:5,0
DA:8,0
DA:14,0
LF:4
LH:0
BRDA:5,0,0,0
BRDA:5,0,1,0
BRDA:5,1,0,0
BRDA:5,1,1,0
BRF:4
BRH:0
end_of_record
TN:
SF:/Users/difee/dev/work/ssb-component-library/src/components/Dropdown/index.jsx
FN:9,(anonymous_0)
FN:19,(anonymous_1)
FN:21,(anonymous_2)
FN:24,(anonymous_3)
FN:32,(anonymous_4)
FN:38,(anonymous_5)
FN:44,(anonymous_6)
FN:52,(anonymous_7)
FN:56,(anonymous_8)
FN:64,(anonymous_9)
FN:70,(anonymous_10)
FN:193,(anonymous_11)
FNF:12
FNH:0
FNDA:0,(anonymous_0)
FNDA:0,(anonymous_1)
FNDA:0,(anonymous_2)
FNDA:0,(anonymous_3)
FNDA:0,(anonymous_4)
FNDA:0,(anonymous_5)
FNDA:0,(anonymous_6)
FNDA:0,(anonymous_7)
FNDA:0,(anonymous_8)
FNDA:0,(anonymous_9)
FNDA:0,(anonymous_10)
FNDA:0,(anonymous_11)
DA:9,0
DA:12,0
DA:13,0
DA:14,0
DA:15,0
DA:16,0
DA:17,0
DA:19,0
DA:20,0
DA:21,0
DA:24,0
DA:25,0
DA:26,0
DA:27,0
DA:28,0
DA:29,0
DA:32,0
DA:33,0
DA:34,0
DA:38,0
DA:39,0
DA:40,0
DA:42,0
DA:44,0
DA:45,0
DA:49,0
DA:52,0
DA:56,0
DA:65,0
DA:70,0
DA:84,0
DA:101,0
DA:113,0
DA:136,0
DA:190,0
DA:199,0
LF:36
LH:0
BRDA:16,0,0,0
BRDA:16,0,1,0
BRDA:33,1,0,0
BRDA:33,1,1,0
BRDA:39,2,0,0
BRDA:39,2,1,0
BRDA:51,3,0,0
BRDA:51,3,1,0
BRDA:54,4,0,0
BRDA:54,4,1,0
BRDA:58,5,0,0
BRDA:58,5,1,0
BRDA:62,6,0,0
BRDA:62,6,1,0
BRDA:66,7,0,0
BRDA:66,7,1,0
BRF:16
BRH:0
end_of_record
TN:
SF:/Users/difee/dev/work/ssb-component-library/src/components/Input/index.jsx
FN:9,(anonymous_0)
FN:14,(anonymous_1)
FN:31,(anonymous_2)
FN:34,(anonymous_3)
FN:65,(anonymous_4)
FN:66,(anonymous_5)
FN:68,(anonymous_6)
FN:71,(anonymous_7)
FN:76,(anonymous_8)
FN:81,(anonymous_9)
FN:86,(anonymous_10)
FN:89,(anonymous_11)
FN:95,(anonymous_12)
FN:113,(anonymous_13)
FN:121,(anonymous_14)
FN:125,(anonymous_15)
FNF:16
FNH:0
FNDA:0,(anonymous_0)
FNDA:0,(anonymous_1)
FNDA:0,(anonymous_2)
FNDA:0,(anonymous_3)
FNDA:0,(anonymous_4)
FNDA:0,(anonymous_5)
FNDA:0,(anonymous_6)
FNDA:0,(anonymous_7)
FNDA:0,(anonymous_8)
FNDA:0,(anonymous_9)
FNDA:0,(anonymous_10)
FNDA:0,(anonymous_11)
FNDA:0,(anonymous_12)
FNDA:0,(anonymous_13)
FNDA:0,(anonymous_14)
FNDA:0,(anonymous_15)
DA:9,0
DA:12,0
DA:13,0
DA:14,0
DA:15,0
DA:16,0
DA:19,0
DA:31,0
DA:34,0
DA:51,0
DA:60,0
DA:64,0
DA:65,0
DA:66,0
DA:68,0
DA:71,0
DA:76,0
DA:81,0
DA:86,0
DA:89,0
DA:94,0
DA:95,0
DA:102,0
DA:112,0
DA:113,0
DA:118,0
DA:129,0
LF:27
LH:0
BRDA:33,0,0,0
BRDA:33,0,1,0
BRDA:35,1,0,0
BRDA:35,1,1,0
BRDA:38,2,0,0
BRDA:38,2,1,0
BRDA:40,3,0,0
BRDA:40,3,1,0
BRDA:44,4,0,0
BRDA:44,4,1,0
BRDA:44,4,2,0
BRDA:65,5,0,0
BRDA:65,5,1,0
BRDA:66,6,0,0
BRDA:66,6,1,0
BRDA:66,7,0,0
BRDA:66,7,1,0
BRDA:67,8,0,0
BRDA:67,8,1,0
BRDA:68,9,0,0
BRDA:68,9,1,0
BRDA:71,10,0,0
BRDA:71,10,1,0
BRDA:76,11,0,0
BRDA:76,11,1,0
BRDA:81,12,0,0
BRDA:81,12,1,0
BRDA:81,13,0,0
BRDA:81,13,1,0
BRDA:86,14,0,0
BRDA:86,14,1,0
BRDA:86,15,0,0
BRDA:86,15,1,0
BRDA:89,16,0,0
BRDA:89,16,1,0
BRDA:95,17,0,0
BRDA:95,17,1,0
BRDA:113,18,0,0
BRDA:113,18,1,0
BRF:39
BRH:0
end_of_record
TN:
SF:/Users/difee/dev/work/ssb-component-library/src/components/LeadParagraph/index.jsx
FN:7,(anonymous_0)
FNF:1
FNH:0
FNDA:0,(anonymous_0)
DA:7,0
DA:9,0
DA:16,0
LF:3
LH:0
BRF:0
BRH:0
end_of_record
TN:
SF:/Users/difee/dev/work/ssb-component-library/src/components/Link/index.jsx
FN:7,(anonymous_0)
FN:29,(anonymous_1)
FN:33,(anonymous_2)
FN:34,(anonymous_3)
FN:35,(anonymous_4)
FN:47,(anonymous_5)
FNF:6
FNH:0
FNDA:0,(anonymous_0)
FNDA:0,(anonymous_1)
FNDA:0,(anonymous_2)
FNDA:0,(anonymous_3)
FNDA:0,(anonymous_4)
FNDA:0,(anonymous_5)
DA:7,0
DA:10,0
DA:22,0
DA:29,0
DA:33,0
DA:34,0
DA:35,0
DA:46,0
DA:47,0
DA:55,0
DA:61,0
LF:11
LH:0
BRDA:12,0,0,0
BRDA:12,0,1,0
BRDA:13,1,0,0
BRDA:13,1,1,0
BRDA:14,2,0,0
BRDA:14,2,1,0
BRDA:18,3,0,0
BRDA:18,3,1,0
BRDA:29,4,0,0
BRDA:29,4,1,0
BRDA:33,5,0,0
BRDA:33,5,1,0
BRDA:34,6,0,0
BRDA:34,6,1,0
BRDA:35,7,0,0
BRDA:35,7,1,0
BRDA:47,8,0,0
BRDA:47,8,1,0
BRF:18
BRH:0
end_of_record
TN:
SF:/Users/difee/dev/work/ssb-component-library/src/components/Number/index.jsx
FN:7,(anonymous_0)
FN:11,(anonymous_1)
FN:22,(anonymous_2)
FNF:3
FNH:0
FNDA:0,(anonymous_0)
FNDA:0,(anonymous_1)
FNDA:0,(anonymous_2)
DA:7,0
DA:11,0
DA:14,0
DA:19,0
DA:22,0
DA:26,0
DA:30,0
LF:7
LH:0
BRDA:22,0,0,0
BRDA:22,0,1,0
BRDA:22,1,0,0
BRDA:22,1,1,0
BRF:4
BRH:0
end_of_record
TN:
SF:/Users/difee/dev/work/ssb-component-library/src/components/Pagination/index.jsx
FN:8,(anonymous_0)
FN:16,(anonymous_1)
FN:39,(anonymous_2)
FN:46,(anonymous_3)
FN:52,(anonymous_4)
FN:56,(anonymous_5)
FN:60,(anonymous_6)
FN:69,(anonymous_7)
FN:72,(anonymous_8)
FN:109,(anonymous_9)
FN:111,(anonymous_10)
FN:122,(anonymous_11)
FN:135,(anonymous_12)
FNF:13
FNH:0
FNDA:0,(anonymous_0)
FNDA:0,(anonymous_1)
FNDA:0,(anonymous_2)
FNDA:0,(anonymous_3)
FNDA:0,(anonymous_4)
FNDA:0,(anonymous_5)
FNDA:0,(anonymous_6)
FNDA:0,(anonymous_7)
FNDA:0,(anonymous_8)
FNDA:0,(anonymous_9)
FNDA:0,(anonymous_10)
FNDA:0,(anonymous_11)
FNDA:0,(anonymous_12)
DA:8,0
DA:11,0
DA:12,0
DA:13,0
DA:14,0
DA:16,0
DA:17,0
DA:18,0
DA:19,0
DA:20,0
DA:21,0
DA:22,0
DA:23,0
DA:24,0
DA:25,0
DA:26,0
DA:28,0
DA:29,0
DA:30,0
DA:31,0
DA:33,0
DA:34,0
DA:35,0
DA:39,0
DA:40,0
DA:41,0
DA:44,0
DA:46,0
DA:52,0
DA:57,0
DA:60,0
DA:69,0
DA:72,0
DA:80,0
DA:86,0
DA:107,0
DA:109,0
DA:111,0
DA:122,0
DA:126,0
DA:134,0
DA:138,0
LF:42
LH:0
BRDA:11,0,0,0
BRDA:11,0,1,0
BRDA:18,1,0,0
BRDA:18,1,1,0
BRDA:22,2,0,0
BRDA:22,2,1,0
BRDA:25,3,0,0
BRDA:25,3,1,0
BRDA:28,4,0,0
BRDA:28,4,1,0
BRDA:55,5,0,0
BRDA:55,5,1,0
BRDA:56,6,0,0
BRDA:56,6,1,0
BRDA:57,7,0,0
BRDA:57,7,1,0
BRDA:57,7,2,0
BRDA:66,8,0,0
BRDA:66,8,1,0
BRDA:109,9,0,0
BRDA:109,9,1,0
BRDA:111,10,0,0
BRDA:111,10,1,0
BRDA:122,11,0,0
BRDA:122,11,1,0
BRF:25
BRH:0
end_of_record
TN:
SF:/Users/difee/dev/work/ssb-component-library/src/components/Paragraph/index.jsx
FN:7,(anonymous_0)
FNF:1
FNH:0
FNDA:0,(anonymous_0)
DA:7,0
DA:9,0
DA:16,0
LF:3
LH:0
BRF:0
BRH:0
end_of_record
TN:
SF:/Users/difee/dev/work/ssb-component-library/src/components/RadioButton/index.jsx
FN:7,(anonymous_0)
FN:12,(anonymous_1)
FN:20,(anonymous_2)
FN:44,(anonymous_3)
FN:45,(anonymous_4)
FN:50,(anonymous_5)
FN:61,(anonymous_6)
FN:73,(anonymous_7)
FN:89,(anonymous_8)
FNF:9
FNH:0
FNDA:0,(anonymous_0)
FNDA:0,(anonymous_1)
FNDA:0,(anonymous_2)
FNDA:0,(anonymous_3)
FNDA:0,(anonymous_4)
FNDA:0,(anonymous_5)
FNDA:0,(anonymous_6)
FNDA:0,(anonymous_7)
FNDA:0,(anonymous_8)
DA:7,0
DA:10,0
DA:12,0
DA:20,0
DA:32,0
DA:38,0
DA:43,0
DA:44,0
DA:45,0
DA:50,0
DA:59,0
DA:61,0
DA:73,0
DA:88,0
DA:94,0
LF:15
LH:0
BRDA:44,0,0,0
BRDA:44,0,1,0
BRDA:45,1,0,0
BRDA:45,1,1,0
BRDA:50,2,0,0
BRDA:50,2,1,0
BRDA:61,3,0,0
BRDA:61,3,1,0
BRDA:73,4,0,0
BRDA:73,4,1,0
BRF:10
BRH:0
end_of_record
TN:
SF:/Users/difee/dev/work/ssb-component-library/src/components/RadioGroup/index.jsx
FN:7,(anonymous_0)
FN:12,(anonymous_1)
FN:19,(anonymous_2)
FN:45,(anonymous_3)
FNF:4
FNH:0
FNDA:0,(anonymous_0)
FNDA:0,(anonymous_1)
FNDA:0,(anonymous_2)
FNDA:0,(anonymous_3)
DA:7,0
DA:10,0
DA:12,0
DA:13,0
DA:16,0
DA:20,0
DA:34,0
DA:44,0
DA:48,0
LF:9
LH:0
BRDA:18,0,0,0
BRDA:18,0,1,0
BRF:2
BRH:0
end_of_record
TN:
SF:/Users/difee/dev/work/ssb-component-library/src/components/Tabs/index.jsx
FN:7,(anonymous_0)
FN:12,(anonymous_1)
FN:19,(anonymous_2)
FN:21,(anonymous_3)
FN:66,(anonymous_4)
FN:75,(anonymous_5)
FNF:6
FNH:0
FNDA:0,(anonymous_0)
FNDA:0,(anonymous_1)
FNDA:0,(anonymous_2)
FNDA:0,(anonymous_3)
FNDA:0,(anonymous_4)
FNDA:0,(anonymous_5)
DA:7,0
DA:10,0
DA:12,0
DA:13,0
DA:14,0
DA:17,0
DA:20,0
DA:21,0
DA:32,0
DA:37,0
DA:58,0
DA:63,0
DA:66,0
DA:73,0
DA:78,0
LF:15
LH:0
BRDA:66,0,0,0
BRDA:66,0,1,0
BRF:2
BRH:0
end_of_record
TN:
SF:/Users/difee/dev/work/ssb-component-library/src/components/Text/index.jsx
FN:7,(anonymous_0)
FN:18,(anonymous_1)
FN:19,(anonymous_2)
FN:20,(anonymous_3)
FNF:4
FNH:0
FNDA:0,(anonymous_0)
FNDA:0,(anonymous_1)
FNDA:0,(anonymous_2)
FNDA:0,(anonymous_3)
DA:7,0
DA:8,0
DA:16,0
DA:18,0
DA:19,0
DA:20,0
DA:27,0
DA:33,0
LF:8
LH:0
BRDA:18,0,0,0
BRDA:18,0,1,0
BRDA:19,1,0,0
BRDA:19,1,1,0
BRDA:20,2,0,0
BRDA:20,2,1,0
BRF:6
BRH:0
end_of_record
TN:
SF:/Users/difee/dev/work/ssb-component-library/src/components/Title/index.jsx
FN:4,(anonymous_0)
FNF:1
FNH:0
FNDA:0,(anonymous_0)
DA:4,0
DA:5,0
DA:15,0
DA:20,0
LF:4
LH:0
BRDA:6,0,0,0
BRDA:6,0,1,0
BRDA:6,1,0,0
BRDA:6,1,1,0
BRDA:7,2,0,0
BRDA:7,2,1,0
BRDA:7,3,0,0
BRDA:7,3,1,0
BRDA:8,4,0,0
BRDA:8,4,1,0
BRDA:8,5,0,0
BRDA:8,5,1,0
BRDA:9,6,0,0
BRDA:9,6,1,0
BRDA:9,7,0,0
BRDA:9,7,1,0
BRDA:10,8,0,0
BRDA:10,8,1,0
BRDA:10,9,0,0
BRDA:10,9,1,0
BRDA:11,10,0,0
BRDA:11,10,1,0
BRDA:11,11,0,0
BRDA:11,11,1,0
BRF:24
BRH:0
end_of_record
TN:
SF:/Users/difee/dev/work/ssb-component-library/src/components/WordExplanation/index.jsx
FN:5,(anonymous_0)
FN:13,(anonymous_1)
FN:20,(anonymous_2)
FN:38,(anonymous_3)
FN:46,(anonymous_4)
FN:52,(anonymous_5)
FNF:6
FNH:0
FNDA:0,(anonymous_0)
FNDA:0,(anonymous_1)
FNDA:0,(anonymous_2)
FNDA:0,(anonymous_3)
FNDA:0,(anonymous_4)
FNDA:0,(anonymous_5)
DA:5,0
DA:8,0
DA:9,0
DA:10,0
DA:11,0
DA:13,0
DA:14,0
DA:15,0
DA:17,0
DA:20,0
DA:21,0
DA:22,0
DA:23,0
DA:25,0
DA:27,0
DA:28,0
DA:30,0
DA:31,0
DA:33,0
DA:38,0
DA:39,0
DA:40,0
DA:41,0
DA:43,0
DA:46,0
DA:47,0
DA:51,0
DA:52,0
DA:72,0
DA:74,0
LF:30
LH:0
BRDA:14,0,0,0
BRDA:14,0,1,0
BRDA:23,1,0,0
BRDA:23,1,1,0
BRDA:23,2,0,0
BRDA:23,2,1,0
BRDA:27,3,0,0
BRDA:27,3,1,0
BRDA:27,4,0,0
BRDA:27,4,1,0
BRDA:28,5,0,0
BRDA:28,5,1,0
BRDA:40,6,0,0
BRDA:40,6,1,0
BRDA:55,7,0,0
BRDA:55,7,1,0
BRF:16
BRH:0
end_of_record
